#
# A fatal error has been detected by the Java Runtime Environment:
#
#  EXCEPTION_ACCESS_VIOLATION (0xc0000005) at pc=0x00007ff93012dece, pid=19280, tid=11896
#
# JRE version: Java(TM) SE Runtime Environment (9.0+11) (build 9.0.4+11)
# Java VM: Java HotSpot(TM) 64-Bit Server VM (9.0.4+11, mixed mode, tiered, compressed oops, g1 gc, windows-amd64)
# Problematic frame:
# C  [librdi_wavedata.dll+0x3dece]
#
# No core dump will be written. Minidumps are not enabled by default on client versions of Windows
#
# If you would like to submit a bug report, please visit:
#   http://bugreport.java.com/bugreport/crash.jsp
# The crash happened outside the Java Virtual Machine in native code.
# See problematic frame for where to report the bug.
#

---------------  S U M M A R Y ------------

Command Line: -Dsun.java2d.pmoffscreen=false -Dsun.java2d.xrender=false -Dsun.java2d.d3d=false -Dsun.awt.nopixfmt=true -Dsun.java2d.dpiaware=true -Dsun.java2d.uiScale.enabled=false -Xverify:none -Dswing.aatext=true -XX:-UsePerfData -Djdk.map.althashing.threshold=512 -XX:StringTableSize=4072 --add-opens=java.base/java.nio=ALL-UNNAMED --add-opens=java.desktop/sun.swing=ALL-UNNAMED --add-opens=java.desktop/javax.swing=ALL-UNNAMED --add-opens=java.desktop/javax.swing.tree=ALL-UNNAMED --add-opens=java.desktop/javax.swing.plaf.basic=ALL-UNNAMED --add-opens=java.desktop/javax.swing.plaf.synth=ALL-UNNAMED --add-opens=java.desktop/com.sun.awt=ALL-UNNAMED -XX:NewSize=60m -XX:MaxNewSize=60m -Xms128m -Xmx3072m -Xss5m 

Host: Intel(R) Core(TM) i5-8300H CPU @ 2.30GHz, 8 cores, 7G,  Windows 10 , 64 bit Build 17134 (10.0.17134.753)
Time: Sun Nov 22 20:46:04 2020 ?D1¨²¡À¨º¡Á?¨º¡À?? elapsed time: 2019 seconds (0d 0h 33m 39s)

---------------  T H R E A D  ---------------

Current thread (0x0000022560e4f000):  JavaThread "AWT-EventQueue-0" [_thread_in_native, id=11896, stack(0x0000005d23800000,0x0000005d23d00000)]

Stack: [0x0000005d23800000,0x0000005d23d00000],  sp=0x0000005d23cfadd0,  free space=5099k
Native frames: (J=compiled Java code, j=interpreted, Vv=VM code, C=native code)
C  [librdi_wavedata.dll+0x3dece]
C  [librdi_wavedata.dll+0x24d885]
C  [librdi_wavedata.dll+0x246471]
C  [librdi_wavedata.dll+0x245ef6]
C  [librdi_wavedata.dll+0x2503a1]
C  [librdi_wavedata.dll+0x24f79a]
C  [librdi_wavedata.dll+0x24fa36]
C  [librdi_wavedata.dll+0x27ad38]
C  0x0000022546fd921c

Java frames: (J=compiled Java code, j=interpreted, Vv=VM code)
j  ui.views.waveform.waveformi.WVExecutive_setPrefsMessage(JLjava/lang/String;)V+0
j  ui.views.waveform.executive.a.Xl(Ljava/lang/String;)V+5
j  ui.views.waveform.a.gDd()V+128
j  ui.views.waveform.a.c(Lui/views/waveform/a;)V+1
j  ui.views.waveform.f.actionPerformed(Ljava/awt/event/ActionEvent;)V+4
J 18985 c1 javax.swing.JComboBox.fireActionEvent()V java.desktop@9.0.4 (156 bytes) @ 0x0000022549bb963c [0x0000022549bb88e0+0x0000000000000d5c]
J 17833 c1 javax.swing.JComboBox.setSelectedItem(Ljava/lang/Object;)V java.desktop@9.0.4 (148 bytes) @ 0x000002254951aeec [0x000002254951a480+0x0000000000000a6c]
J 18986 c1 ui.utils.o.e.e.setSelectedItem(Ljava/lang/Object;)V (42 bytes) @ 0x0000022549bbc204 [0x0000022549bbbc00+0x0000000000000604]
j  javax.swing.JComboBox.setSelectedIndex(I)V+58 java.desktop@9.0.4
j  javax.swing.plaf.basic.BasicComboPopup$Handler.mouseReleased(Ljava/awt/event/MouseEvent;)V+97 java.desktop@9.0.4
j  java.awt.AWTEventMulticaster.mouseReleased(Ljava/awt/event/MouseEvent;)V+21 java.desktop@9.0.4
j  java.awt.AWTEventMulticaster.mouseReleased(Ljava/awt/event/MouseEvent;)V+8 java.desktop@9.0.4
J 13693 c1 java.awt.Component.processMouseEvent(Ljava/awt/event/MouseEvent;)V java.desktop@9.0.4 (100 bytes) @ 0x0000022549768b34 [0x00000225497687a0+0x0000000000000394]
J 13692 c1 javax.swing.JComponent.processMouseEvent(Ljava/awt/event/MouseEvent;)V java.desktop@9.0.4 (27 bytes) @ 0x00000225497682ec [0x00000225497680e0+0x000000000000020c]
j  javax.swing.plaf.basic.BasicComboPopup$1.processMouseEvent(Ljava/awt/event/MouseEvent;)V+70 java.desktop@9.0.4
J 12224 c2 java.awt.Container.processEvent(Ljava/awt/AWTEvent;)V java.desktop@9.0.4 (22 bytes) @ 0x000002254f462f40 [0x000002254f462e20+0x0000000000000120]
J 18882 c2 java.awt.Component.dispatchEventImpl(Ljava/awt/AWTEvent;)V java.desktop@9.0.4 (739 bytes) @ 0x000002254fd65e58 [0x000002254fd65460+0x00000000000009f8]
J 18689 c2 java.awt.Container.dispatchEventImpl(Ljava/awt/AWTEvent;)V java.desktop@9.0.4 (129 bytes) @ 0x000002254fcf0b18 [0x000002254fcf0ac0+0x0000000000000058]
J 17277 c2 java.awt.LightweightDispatcher.retargetMouseEvent(Ljava/awt/Component;ILjava/awt/event/MouseEvent;)V java.desktop@9.0.4 (350 bytes) @ 0x000002254fa88e50 [0x000002254fa888e0+0x0000000000000570]
J 14301 c2 java.awt.LightweightDispatcher.processMouseEvent(Ljava/awt/event/MouseEvent;)Z java.desktop@9.0.4 (265 bytes) @ 0x000002254ee6a208 [0x000002254ee69a40+0x00000000000007c8]
J 18689 c2 java.awt.Container.dispatchEventImpl(Ljava/awt/AWTEvent;)V java.desktop@9.0.4 (129 bytes) @ 0x000002254fcf0ec8 [0x000002254fcf0ac0+0x0000000000000408]
J 18798 c2 java.awt.Window.dispatchEventImpl(Ljava/awt/AWTEvent;)V java.desktop@9.0.4 (23 bytes) @ 0x000002254fd3e00c [0x000002254fd3dfc0+0x000000000000004c]
J 13355 c2 java.awt.EventQueue$3.run()Ljava/lang/Object; java.desktop@9.0.4 (5 bytes) @ 0x000002254f5b15bc [0x000002254f5b1400+0x00000000000001bc]
v  ~StubRoutines::call_stub
J 3729  java.security.AccessController.doPrivileged(Ljava/security/PrivilegedAction;Ljava/security/AccessControlContext;)Ljava/lang/Object; java.base@9.0.4 (0 bytes) @ 0x000002254eca1946 [0x000002254eca18e0+0x0000000000000066]
J 14162 c2 java.awt.EventQueue$4.run()Ljava/lang/Object; java.desktop@9.0.4 (5 bytes) @ 0x000002254ed15e40 [0x000002254ed15be0+0x0000000000000260]
v  ~StubRoutines::call_stub
J 3729  java.security.AccessController.doPrivileged(Ljava/security/PrivilegedAction;Ljava/security/AccessControlContext;)Ljava/lang/Object; java.base@9.0.4 (0 bytes) @ 0x000002254eca1946 [0x000002254eca18e0+0x0000000000000066]
J 13347 c2 ui.frmwork.b.d.dispatchEvent(Ljava/awt/AWTEvent;)V (34 bytes) @ 0x000002254f5a314c [0x000002254f5a2d00+0x000000000000044c]
J 17209 c2 java.awt.EventDispatchThread.pumpOneEventForFilters(I)V java.desktop@9.0.4 (218 bytes) @ 0x000002254fa49d2c [0x000002254fa49a00+0x000000000000032c]
J 18992% c2 java.awt.EventDispatchThread.pumpEventsForFilter(ILjava/awt/Conditional;Ljava/awt/EventFilter;)V java.desktop@9.0.4 (47 bytes) @ 0x000002254fdac8d8 [0x000002254fdac7c0+0x0000000000000118]
j  java.awt.EventDispatchThread.pumpEventsForHierarchy(ILjava/awt/Conditional;Ljava/awt/Component;)V+11 java.desktop@9.0.4
j  java.awt.EventDispatchThread.pumpEvents(ILjava/awt/Conditional;)V+4 java.desktop@9.0.4
j  java.awt.EventDispatchThread.pumpEvents(Ljava/awt/Conditional;)V+3 java.desktop@9.0.4
j  java.awt.EventDispatchThread.run()V+9 java.desktop@9.0.4
v  ~StubRoutines::call_stub

siginfo: EXCEPTION_ACCESS_VIOLATION (0xc0000005), reading address 0x0000000000000000


Register to memory mapping:

RIP=0x00007ff93012dece librdi_wavedata.dll
RAX=0x0000000000000000 is an unknown value
RBX=0x0000000000000000 is an unknown value
RCX=0x0000005d23cfae70 is pointing into the stack for thread: 0x0000022560e4f000
RDX=0x0000000000000000 is an unknown value
RSP=0x0000005d23cfadd0 is pointing into the stack for thread: 0x0000022560e4f000
RBP=0x0000005d23cfaf40 is pointing into the stack for thread: 0x0000022560e4f000
RSI=0x0000005d23cfae70 is pointing into the stack for thread: 0x0000022560e4f000
RDI=0x0000005d23cfb098 is pointing into the stack for thread: 0x0000022560e4f000
R8 =0x0000000000000000 is an unknown value
R9 =0x0000005d23cfaea0 is pointing into the stack for thread: 0x0000022560e4f000
R10=0x0000005d23cfae80 is pointing into the stack for thread: 0x0000022560e4f000
R11=0x0000000000000000 is an unknown value
R12=0x00007ff930697210 librdi_wavedata.dll
R13=0x00000225613de9b0 is an unknown value
R14=0x0000000000000000 is an unknown value
R15=0x0000000000000000 is an unknown value


Registers:
RAX=0x0000000000000000, RBX=0x0000000000000000, RCX=0x0000005d23cfae70, RDX=0x0000000000000000
RSP=0x0000005d23cfadd0, RBP=0x0000005d23cfaf40, RSI=0x0000005d23cfae70, RDI=0x0000005d23cfb098
R8 =0x0000000000000000, R9 =0x0000005d23cfaea0, R10=0x0000005d23cfae80, R11=0x0000000000000000
R12=0x00007ff930697210, R13=0x00000225613de9b0, R14=0x0000000000000000, R15=0x0000000000000000
RIP=0x00007ff93012dece, EFLAGS=0x0000000000010246

Top of Stack: (sp=0x0000005d23cfadd0)
0x0000005d23cfadd0:   0000000000000001 fffffffffffffffe
0x0000005d23cfade0:   0000005d23cfaf60 00007ff9b10c62f3
0x0000005d23cfadf0:   fffffffffffffffe 0000005d23cfae20
0x0000005d23cfae00:   0000005d23cfb158 0000005d23cfb158
0x0000005d23cfae10:   00007ff930697258 0000000000000000
0x0000005d23cfae20:   00007ff930697210 0000005d23cfb098
0x0000005d23cfae30:   00007ff930677bd8 00007ff93033d885
0x0000005d23cfae40:   0000005d23cfae70 0000005d00000000
0x0000005d23cfae50:   0000005d23cfb158 0000000000000000
0x0000005d23cfae60:   0000022500000002 fffffffffffffffe
0x0000005d23cfae70:   00007ff9304e2f70 00007ff9304e2ee8
0x0000005d23cfae80:   0000000000000000 0000000000000000
0x0000005d23cfae90:   0000005d23cfae80 0000005d23cfae88
0x0000005d23cfaea0:   0000000000000000 0000000000000000
0x0000005d23cfaeb0:   0000005d23cfaea0 0000005d23cfaea8
0x0000005d23cfaec0:   0000000000000000 0000005d23cfaec0 

Instructions: (pc=0x00007ff93012dece)
0x00007ff93012deae:   83 ec 40 48 c7 44 24 20 fe ff ff ff 48 89 9c 24
0x00007ff93012debe:   80 00 00 00 4c 8b fa 48 8b f1 33 db 89 5c 24 78
0x00007ff93012dece:   38 1a 75 05 45 33 f6 eb 12 49 83 ce ff 0f 1f 44
0x00007ff93012dede:   00 00 49 ff c6 42 38 1c 32 75 f7 48 8b 01 48 63 



---------------  P R O C E S S  ---------------

Java Threads: ( => current thread )
  0x0000022562cb3000 JavaThread "Monitor File Timestamp Swing Worker" [_thread_blocked, id=4988, stack(0x0000005d29f00000,0x0000005d2a400000)]
  0x0000022562cba000 JavaThread "Timer-3" [_thread_blocked, id=20096, stack(0x0000005d29a00000,0x0000005d29f00000)]
  0x0000022562cb3800 JavaThread "Image Animator 0" daemon [_thread_blocked, id=9132, stack(0x0000005d2a400000,0x0000005d2a900000)]
  0x0000022562cb0800 JavaThread "Monitor File Timestamp Swing Worker" [_thread_blocked, id=4748, stack(0x0000005d29500000,0x0000005d29a00000)]
  0x0000022562cb6800 JavaThread "Timer-2" [_thread_blocked, id=16460, stack(0x0000005d29000000,0x0000005d29500000)]
  0x0000022562cb7800 JavaThread "SyntheticaAnimation 50" daemon [_thread_blocked, id=9740, stack(0x0000005d28b00000,0x0000005d29000000)]
  0x0000022562caf000 JavaThread "Monitor File Timestamp Swing Worker" [_thread_blocked, id=15060, stack(0x0000005d26d00000,0x0000005d27200000)]
  0x0000022562cb2000 JavaThread "Timer-1" [_thread_blocked, id=12852, stack(0x0000005d26800000,0x0000005d26d00000)]
  0x0000022562cb0000 JavaThread "SyntheticaAnimation 50" daemon [_thread_blocked, id=17088, stack(0x0000005d28600000,0x0000005d28b00000)]
  0x0000022562cad800 JavaThread "Monitor File Timestamp Swing Worker" [_thread_blocked, id=21300, stack(0x0000005d28100000,0x0000005d28600000)]
  0x0000022562cae800 JavaThread "Timer-0" [_thread_blocked, id=10960, stack(0x0000005d27c00000,0x0000005d28100000)]
  0x0000022562cb5000 JavaThread "Update Runs Swing Worker" [_thread_blocked, id=18472, stack(0x0000005d27700000,0x0000005d27c00000)]
  0x0000022562cb4800 JavaThread "hw_ila_monitor" [_thread_blocked, id=17824, stack(0x0000005d24200000,0x0000005d24700000)]
  0x000002253ae85800 JavaThread "Refresh Filesets Swing Worker" [_thread_blocked, id=20040, stack(0x0000005d22900000,0x0000005d22e00000)]
  0x000002253ae83000 JavaThread "SyntheticaAnimation 70" daemon [_thread_blocked, id=16920, stack(0x0000005d26300000,0x0000005d26800000)]
  0x000002253ae82800 JavaThread "SyntheticaAnimation 25" daemon [_thread_blocked, id=17984, stack(0x0000005d25e00000,0x0000005d26300000)]
  0x000002253ae81800 JavaThread "SyntheticaAnimation 50" daemon [_thread_blocked, id=15952, stack(0x0000005d25900000,0x0000005d25e00000)]
  0x000002253ae86000 JavaThread "Monitor HEventQueue" [_thread_blocked, id=18400, stack(0x0000005d25400000,0x0000005d25900000)]
  0x000002253ae80000 JavaThread "SyntheticaCleanerThread" daemon [_thread_blocked, id=19444, stack(0x0000005d24700000,0x0000005d24c00000)]
  0x000002253ae84800 JavaThread "Batik CleanerThread" daemon [_thread_blocked, id=11048, stack(0x0000005d22e00000,0x0000005d23300000)]
  0x000002255fb35000 JavaThread "Process Messages" [_thread_blocked, id=4828, stack(0x0000005d23d00000,0x0000005d24200000)]
  0x000002253bf92800 JavaThread "Thread-1" [_thread_in_native, id=17860, stack(0x0000005d1c600000,0x0000005d1da00000)]
=>0x0000022560e4f000 JavaThread "AWT-EventQueue-0" [_thread_in_native, id=11896, stack(0x0000005d23800000,0x0000005d23d00000)]
  0x000002255fb80000 JavaThread "AWT-Shutdown" [_thread_blocked, id=17684, stack(0x0000005d23300000,0x0000005d23800000)]
  0x0000022560ead000 JavaThread "TimerQueue" daemon [_thread_blocked, id=14148, stack(0x0000005d21f00000,0x0000005d22400000)]
  0x000002255f7d8000 JavaThread "AWT-Windows" daemon [_thread_in_native, id=19124, stack(0x0000005d22400000,0x0000005d22900000)]
  0x000002255fa8d000 JavaThread "Java2D Disposer" daemon [_thread_blocked, id=3372, stack(0x0000005d21a00000,0x0000005d21f00000)]
  0x000002253be6d800 JavaThread "Service Thread" daemon [_thread_blocked, id=18016, stack(0x0000005d21400000,0x0000005d21900000)]
  0x000002253f903000 JavaThread "Common-Cleaner" daemon [_thread_blocked, id=10152, stack(0x0000005d20f00000,0x0000005d21400000)]
  0x000002253ae7f800 JavaThread "Sweeper thread" daemon [_thread_blocked, id=15276, stack(0x0000005d20a00000,0x0000005d20f00000)]
  0x000002253e8aa800 JavaThread "C1 CompilerThread3" daemon [_thread_blocked, id=17236, stack(0x0000005d20900000,0x0000005d20a00000)]
  0x000002253eee1000 JavaThread "C2 CompilerThread2" daemon [_thread_blocked, id=2044, stack(0x0000005d20800000,0x0000005d20900000)]
  0x000002253eee0800 JavaThread "C2 CompilerThread1" daemon [_thread_blocked, id=20520, stack(0x0000005d20700000,0x0000005d20800000)]
  0x000002253fa19000 JavaThread "C2 CompilerThread0" daemon [_thread_blocked, id=10300, stack(0x0000005d20600000,0x0000005d20700000)]
  0x000002253fa18800 JavaThread "Attach Listener" daemon [_thread_blocked, id=2904, stack(0x0000005d20100000,0x0000005d20600000)]
  0x000002253af8f800 JavaThread "Signal Dispatcher" daemon [_thread_blocked, id=20020, stack(0x0000005d1fc00000,0x0000005d20100000)]
  0x000002253fb0e800 JavaThread "Finalizer" daemon [_thread_blocked, id=11032, stack(0x0000005d1f700000,0x0000005d1fc00000)]
  0x000002253e6bf000 JavaThread "Reference Handler" daemon [_thread_blocked, id=20248, stack(0x0000005d1f200000,0x0000005d1f700000)]
  0x000002253fa62800 JavaThread "main" [_thread_blocked, id=9760, stack(0x0000005d1dc00000,0x0000005d1dd00000)]

Other Threads:
  0x000002253bbdb800 VMThread "VM Thread" [stack: 0x0000005d1f100000,0x0000005d1f200000] [id=12320]
  0x000002253fca7800 WatcherThread [stack: 0x0000005d21900000,0x0000005d21a00000] [id=6540]
  0x0000022537516000 GCTaskThread "GC Thread#0" [stack: 0x0000005d1dd00000,0x0000005d1de00000] [id=5392]
  0x000002253aa04800 GCTaskThread "GC Thread#1" [stack: 0x0000005d1de00000,0x0000005d1df00000] [id=18592]
  0x000002253aa01800 GCTaskThread "GC Thread#2" [stack: 0x0000005d1df00000,0x0000005d1e000000] [id=17692]
  0x000002253aa02000 GCTaskThread "GC Thread#3" [stack: 0x0000005d1e000000,0x0000005d1e100000] [id=2912]
  0x000002253aa05000 GCTaskThread "GC Thread#4" [stack: 0x0000005d1e100000,0x0000005d1e200000] [id=9376]
  0x000002253aa03800 GCTaskThread "GC Thread#5" [stack: 0x0000005d1e200000,0x0000005d1e300000] [id=19488]
  0x000002253a9ff800 GCTaskThread "GC Thread#6" [stack: 0x0000005d1e300000,0x0000005d1e400000] [id=17720]
  0x000002253aa06000 GCTaskThread "GC Thread#7" [stack: 0x0000005d1e400000,0x0000005d1e500000] [id=16728]
  0x000002253b506800 ConcurrentGCThread "G1 Main Marker" [stack: 0x0000005d1ee00000,0x0000005d1ef00000] [id=15208]
  0x000002253aa04000 ConcurrentGCThread "G1 Marker#0" [stack: 0x0000005d1ef00000,0x0000005d1f000000] [id=7724]
  0x000002253a9ff000 ConcurrentGCThread "G1 Marker#1" [stack: 0x0000005d1f000000,0x0000005d1f100000] [id=8176]
  0x000002253f2ef800 ConcurrentGCThread "G1 Refine#0" [stack: 0x0000005d1ec00000,0x0000005d1ed00000] [id=2764]
  0x000002253ef1f000 ConcurrentGCThread "G1 Refine#1" [stack: 0x0000005d1eb00000,0x0000005d1ec00000] [id=16948]
  0x000002253fa8b800 ConcurrentGCThread "G1 Refine#2" [stack: 0x0000005d1ea00000,0x0000005d1eb00000] [id=14900]
  0x000002253fa8a800 ConcurrentGCThread "G1 Refine#3" [stack: 0x0000005d1e900000,0x0000005d1ea00000] [id=19604]
  0x000002253f024000 ConcurrentGCThread "G1 Refine#4" [stack: 0x0000005d1e800000,0x0000005d1e900000] [id=17396]
  0x000002253f2e6800 ConcurrentGCThread "G1 Refine#5" [stack: 0x0000005d1e700000,0x0000005d1e800000] [id=1408]
  0x000002253aa09800 ConcurrentGCThread "G1 Refine#6" [stack: 0x0000005d1e600000,0x0000005d1e700000] [id=2848]
  0x000002253ef08800 ConcurrentGCThread "G1 Refine#7" [stack: 0x0000005d1e500000,0x0000005d1e600000] [id=15504]
  0x000002253f2f0800 ConcurrentGCThread "G1 Young RemSet Sampling" [stack: 0x0000005d1ed00000,0x0000005d1ee00000] [id=18136]

Threads with active compile tasks:

VM state:not at safepoint (normal execution)

VM Mutex/Monitor currently owned by a thread: None

Heap address: 0x0000000700000000, size: 3072 MB, Compressed Oops mode: Zero based, Oop shift amount: 3
Narrow klass base: 0x0000000000000000, Narrow klass shift: 3
Compressed class space size: 1073741824 Address: 0x00000007c0000000

Heap:
 garbage-first heap   total 164864K, used 103644K [0x0000000700000000, 0x0000000700100508, 0x00000007c0000000)
  region size 1024K, 31 young (31744K), 1 survivors (1024K)
 Metaspace       used 81191K, capacity 87123K, committed 87324K, reserved 1124352K
  class space    used 11188K, capacity 12228K, committed 12316K, reserved 1048576K
Heap Regions: E=young(eden), S=young(survivor), O=old, HS=humongous(starts), HC=humongous(continues), CS=collection set, F=free, A=archive, TS=gc time stamp, AC=allocation context, TAMS=top-at-mark-start (previous, next)
|   0|0x0000000700000000, 0x00000007000ffc90, 0x0000000700100000| 99%| O|  |TS  0|AC  0|TAMS 0x00000007000ffc90, 0x00000007000ffc90|
|   1|0x0000000700100000, 0x0000000700200000, 0x0000000700200000|100%|HS|  |TS  0|AC  0|TAMS 0x0000000700200000, 0x0000000700200000|
|   2|0x0000000700200000, 0x0000000700300000, 0x0000000700300000|100%|HC|  |TS  0|AC  0|TAMS 0x0000000700300000, 0x0000000700300000|
|   3|0x0000000700300000, 0x0000000700400000, 0x0000000700400000|100%|HS|  |TS  0|AC  0|TAMS 0x0000000700400000, 0x0000000700400000|
|   4|0x0000000700400000, 0x00000007004d6978, 0x0000000700500000| 83%| O|  |TS  0|AC  0|TAMS 0x00000007004d6978, 0x00000007004d6978|
|   5|0x0000000700500000, 0x00000007005f7a88, 0x0000000700600000| 96%| O|  |TS  0|AC  0|TAMS 0x00000007005f7a88, 0x00000007005f7a88|
|   6|0x0000000700600000, 0x00000007006f7b00, 0x0000000700700000| 96%| O|  |TS  0|AC  0|TAMS 0x00000007006f7b00, 0x00000007006f7b00|
|   7|0x0000000700700000, 0x00000007007fffe8, 0x0000000700800000| 99%| O|  |TS  0|AC  0|TAMS 0x00000007007fffe8, 0x00000007007fffe8|
|   8|0x0000000700800000, 0x00000007008fffe8, 0x0000000700900000| 99%| O|  |TS  0|AC  0|TAMS 0x00000007008fffe8, 0x00000007008fffe8|
|   9|0x0000000700900000, 0x00000007009f0890, 0x0000000700a00000| 93%| O|  |TS  0|AC  0|TAMS 0x00000007009f0890, 0x00000007009f0890|
|  10|0x0000000700a00000, 0x0000000700afd1a0, 0x0000000700b00000| 98%| O|  |TS  0|AC  0|TAMS 0x0000000700afd1a0, 0x0000000700afd1a0|
|  11|0x0000000700b00000, 0x0000000700bf8930, 0x0000000700c00000| 97%| O|  |TS  0|AC  0|TAMS 0x0000000700bf8930, 0x0000000700bf8930|
|  12|0x0000000700c00000, 0x0000000700cc61d8, 0x0000000700d00000| 77%| O|  |TS  0|AC  0|TAMS 0x0000000700cc61d8, 0x0000000700cc61d8|
|  13|0x0000000700d00000, 0x0000000700df4698, 0x0000000700e00000| 95%| O|  |TS  0|AC  0|TAMS 0x0000000700df4698, 0x0000000700df4698|
|  14|0x0000000700e00000, 0x0000000700ef7378, 0x0000000700f00000| 96%| O|  |TS  0|AC  0|TAMS 0x0000000700ef7378, 0x0000000700ef7378|
|  15|0x0000000700f00000, 0x0000000700ffffd8, 0x0000000701000000| 99%| O|  |TS  0|AC  0|TAMS 0x0000000700ffffd8, 0x0000000700ffffd8|
|  16|0x0000000701000000, 0x00000007010ffff8, 0x0000000701100000| 99%| O|  |TS  0|AC  0|TAMS 0x00000007010ffff8, 0x00000007010ffff8|
|  17|0x0000000701100000, 0x00000007011ffff8, 0x0000000701200000| 99%| O|  |TS  0|AC  0|TAMS 0x00000007011ffff8, 0x00000007011ffff8|
|  18|0x0000000701200000, 0x00000007012fffc8, 0x0000000701300000| 99%| O|  |TS  0|AC  0|TAMS 0x00000007012fffc8, 0x00000007012fffc8|
|  19|0x0000000701300000, 0x00000007013ffff8, 0x0000000701400000| 99%| O|  |TS  0|AC  0|TAMS 0x00000007013ffff8, 0x00000007013ffff8|
|  20|0x0000000701400000, 0x00000007014ffff0, 0x0000000701500000| 99%| O|  |TS  0|AC  0|TAMS 0x00000007014ffff0, 0x00000007014ffff0|
|  21|0x0000000701500000, 0x0000000701600000, 0x0000000701600000|100%|HS|  |TS  0|AC  0|TAMS 0x0000000701600000, 0x0000000701600000|
|  22|0x0000000701600000, 0x00000007016ffff0, 0x0000000701700000| 99%| O|  |TS  0|AC  0|TAMS 0x00000007016ffff0, 0x00000007016ffff0|
|  23|0x0000000701700000, 0x00000007017ffa88, 0x0000000701800000| 99%| O|  |TS  0|AC  0|TAMS 0x00000007017ffa88, 0x00000007017ffa88|
|  24|0x0000000701800000, 0x00000007018fffe8, 0x0000000701900000| 99%| O|  |TS  0|AC  0|TAMS 0x00000007018fffe8, 0x00000007018fffe8|
|  25|0x0000000701900000, 0x0000000701a00000, 0x0000000701a00000|100%| O|  |TS  0|AC  0|TAMS 0x0000000701a00000, 0x0000000701a00000|
|  26|0x0000000701a00000, 0x0000000701affff0, 0x0000000701b00000| 99%| O|  |TS  0|AC  0|TAMS 0x0000000701affff0, 0x0000000701affff0|
|  27|0x0000000701b00000, 0x0000000701c00000, 0x0000000701c00000|100%| O|  |TS  0|AC  0|TAMS 0x0000000701c00000, 0x0000000701c00000|
|  28|0x0000000701c00000, 0x0000000701cffeb0, 0x0000000701d00000| 99%| O|  |TS  0|AC  0|TAMS 0x0000000701cffeb0, 0x0000000701cffeb0|
|  29|0x0000000701d00000, 0x0000000701e00000, 0x0000000701e00000|100%| O|  |TS  0|AC  0|TAMS 0x0000000701e00000, 0x0000000701e00000|
|  30|0x0000000701e00000, 0x0000000701effff8, 0x0000000701f00000| 99%| O|  |TS  0|AC  0|TAMS 0x0000000701effff8, 0x0000000701effff8|
|  31|0x0000000701f00000, 0x0000000702000000, 0x0000000702000000|100%| O|  |TS  0|AC  0|TAMS 0x0000000702000000, 0x0000000702000000|
|  32|0x0000000702000000, 0x00000007020ffee0, 0x0000000702100000| 99%| O|  |TS  0|AC  0|TAMS 0x00000007020ffee0, 0x00000007020ffee0|
|  33|0x0000000702100000, 0x00000007021fffc8, 0x0000000702200000| 99%| O|  |TS  0|AC  0|TAMS 0x00000007021fffc8, 0x00000007021fffc8|
|  34|0x0000000702200000, 0x00000007022a3040, 0x0000000702300000| 63%| O|  |TS  0|AC  0|TAMS 0x00000007022a3040, 0x00000007022a3040|
|  35|0x0000000702300000, 0x00000007023ffff0, 0x0000000702400000| 99%| O|  |TS  0|AC  0|TAMS 0x00000007023ffff0, 0x00000007023ffff0|
|  36|0x0000000702400000, 0x00000007024fffe8, 0x0000000702500000| 99%| O|  |TS  0|AC  0|TAMS 0x00000007024fffe8, 0x00000007024fffe8|
|  37|0x0000000702500000, 0x00000007025ffff0, 0x0000000702600000| 99%| O|  |TS  0|AC  0|TAMS 0x00000007025ffff0, 0x00000007025ffff0|
|  38|0x0000000702600000, 0x00000007026ffff8, 0x0000000702700000| 99%| O|  |TS  0|AC  0|TAMS 0x00000007026ffff8, 0x00000007026ffff8|
|  39|0x0000000702700000, 0x0000000702800000, 0x0000000702800000|100%| O|  |TS  0|AC  0|TAMS 0x0000000702800000, 0x0000000702800000|
|  40|0x0000000702800000, 0x00000007028ffee0, 0x0000000702900000| 99%| O|  |TS  0|AC  0|TAMS 0x00000007028ffee0, 0x00000007028ffee0|
|  41|0x0000000702900000, 0x00000007029fff28, 0x0000000702a00000| 99%| O|  |TS  0|AC  0|TAMS 0x00000007029fff28, 0x00000007029fff28|
|  42|0x0000000702a00000, 0x0000000702b00000, 0x0000000702b00000|100%| O|  |TS  0|AC  0|TAMS 0x0000000702b00000, 0x0000000702b00000|
|  43|0x0000000702b00000, 0x0000000702bffff0, 0x0000000702c00000| 99%| O|  |TS  0|AC  0|TAMS 0x0000000702bffff0, 0x0000000702bffff0|
|  44|0x0000000702c00000, 0x0000000702cfffe0, 0x0000000702d00000| 99%| O|  |TS  0|AC  0|TAMS 0x0000000702cfffe0, 0x0000000702cfffe0|
|  45|0x0000000702d00000, 0x0000000702e00000, 0x0000000702e00000|100%|HS|  |TS  0|AC  0|TAMS 0x0000000702e00000, 0x0000000702e00000|
|  46|0x0000000702e00000, 0x0000000702f00000, 0x0000000702f00000|100%|HC|  |TS  0|AC  0|TAMS 0x0000000702f00000, 0x0000000702f00000|
|  47|0x0000000702f00000, 0x0000000703000000, 0x0000000703000000|100%|HC|  |TS  0|AC  0|TAMS 0x0000000703000000, 0x0000000703000000|
|  48|0x0000000703000000, 0x0000000703100000, 0x0000000703100000|100%|HC|  |TS  0|AC  0|TAMS 0x0000000703100000, 0x0000000703100000|
|  49|0x0000000703100000, 0x0000000703200000, 0x0000000703200000|100%|HC|  |TS  0|AC  0|TAMS 0x0000000703200000, 0x0000000703200000|
|  50|0x0000000703200000, 0x0000000703300000, 0x0000000703300000|100%|HC|  |TS  0|AC  0|TAMS 0x0000000703300000, 0x0000000703300000|
|  51|0x0000000703300000, 0x0000000703400000, 0x0000000703400000|100%|HC|  |TS  0|AC  0|TAMS 0x0000000703400000, 0x0000000703400000|
|  52|0x0000000703400000, 0x0000000703500000, 0x0000000703500000|100%|HC|  |TS  0|AC  0|TAMS 0x0000000703500000, 0x0000000703500000|
|  53|0x0000000703500000, 0x00000007035ffff0, 0x0000000703600000| 99%| O|  |TS  0|AC  0|TAMS 0x00000007035ffff0, 0x00000007035ffff0|
|  54|0x0000000703600000, 0x0000000703700000, 0x0000000703700000|100%| O|  |TS  0|AC  0|TAMS 0x0000000703700000, 0x0000000703700000|
|  55|0x0000000703700000, 0x00000007037ffff8, 0x0000000703800000| 99%| O|  |TS  0|AC  0|TAMS 0x00000007037ffff8, 0x00000007037ffff8|
|  56|0x0000000703800000, 0x0000000703900000, 0x0000000703900000|100%| O|  |TS  0|AC  0|TAMS 0x0000000703900000, 0x0000000703900000|
|  57|0x0000000703900000, 0x00000007039fffa8, 0x0000000703a00000| 99%| O|  |TS  0|AC  0|TAMS 0x00000007039fffa8, 0x00000007039fffa8|
|  58|0x0000000703a00000, 0x0000000703affaf0, 0x0000000703b00000| 99%| O|  |TS  0|AC  0|TAMS 0x0000000703affaf0, 0x0000000703affaf0|
|  59|0x0000000703b00000, 0x0000000703bfffc8, 0x0000000703c00000| 99%| O|  |TS  0|AC  0|TAMS 0x0000000703bfffc8, 0x0000000703bfffc8|
|  60|0x0000000703c00000, 0x0000000703cffe90, 0x0000000703d00000| 99%| O|  |TS  0|AC  0|TAMS 0x0000000703cffe90, 0x0000000703cffe90|
|  61|0x0000000703d00000, 0x0000000703e00000, 0x0000000703e00000|100%| O|  |TS  0|AC  0|TAMS 0x0000000703e00000, 0x0000000703e00000|
|  62|0x0000000703e00000, 0x0000000703efdc90, 0x0000000703f00000| 99%| O|  |TS  0|AC  0|TAMS 0x0000000703efdc90, 0x0000000703efdc90|
|  63|0x0000000703f00000, 0x0000000703fffff0, 0x0000000704000000| 99%| O|  |TS  0|AC  0|TAMS 0x0000000703fffff0, 0x0000000703fffff0|
|  64|0x0000000704000000, 0x00000007040ffff0, 0x0000000704100000| 99%| O|  |TS  0|AC  0|TAMS 0x00000007040ffff0, 0x00000007040ffff0|
|  65|0x0000000704100000, 0x00000007041ffff0, 0x0000000704200000| 99%| O|  |TS  0|AC  0|TAMS 0x00000007041ffff0, 0x00000007041ffff0|
|  66|0x0000000704200000, 0x0000000704300000, 0x0000000704300000|100%|HS|  |TS  0|AC  0|TAMS 0x0000000704300000, 0x0000000704300000|
|  67|0x0000000704300000, 0x0000000704400000, 0x0000000704400000|100%|HC|  |TS  0|AC  0|TAMS 0x0000000704400000, 0x0000000704400000|
|  68|0x0000000704400000, 0x000000070440cd38, 0x0000000704500000|  5%| O|  |TS  0|AC  0|TAMS 0x000000070440cd38, 0x000000070440cd38|
|  69|0x0000000704500000, 0x0000000704500000, 0x0000000704600000|  0%| F|  |TS  0|AC  0|TAMS 0x0000000704500000, 0x0000000704500000|
|  70|0x0000000704600000, 0x0000000704700000, 0x0000000704700000|100%|HS|  |TS  0|AC  0|TAMS 0x0000000704700000, 0x0000000704700000|
|  71|0x0000000704700000, 0x0000000704800000, 0x0000000704800000|100%|HC|  |TS  0|AC  0|TAMS 0x0000000704800000, 0x0000000704800000|
|  72|0x0000000704800000, 0x0000000704900000, 0x0000000704900000|100%|HC|  |TS  0|AC  0|TAMS 0x0000000704900000, 0x0000000704900000|
|  73|0x0000000704900000, 0x0000000704a00000, 0x0000000704a00000|100%|HS|  |TS  0|AC  0|TAMS 0x0000000704900000, 0x0000000704900000|
|  74|0x0000000704a00000, 0x0000000704b00000, 0x0000000704b00000|100%|HC|  |TS  0|AC  0|TAMS 0x0000000704a00000, 0x0000000704a00000|
|  75|0x0000000704b00000, 0x0000000704b00000, 0x0000000704c00000|  0%| F|  |TS  0|AC  0|TAMS 0x0000000704b00000, 0x0000000704b00000|
|  76|0x0000000704c00000, 0x0000000704c00000, 0x0000000704d00000|  0%| F|  |TS  0|AC  0|TAMS 0x0000000704c00000, 0x0000000704c00000|
|  77|0x0000000704d00000, 0x0000000704d00000, 0x0000000704e00000|  0%| F|  |TS  0|AC  0|TAMS 0x0000000704d00000, 0x0000000704d00000|
|  78|0x0000000704e00000, 0x0000000704e00000, 0x0000000704f00000|  0%| F|  |TS  0|AC  0|TAMS 0x0000000704e00000, 0x0000000704e00000|
|  79|0x0000000704f00000, 0x0000000704f00000, 0x0000000705000000|  0%| F|  |TS  0|AC  0|TAMS 0x0000000704f00000, 0x0000000704f00000|
|  80|0x0000000705000000, 0x0000000705000000, 0x0000000705100000|  0%| F|  |TS  0|AC  0|TAMS 0x0000000705000000, 0x0000000705000000|
|  81|0x0000000705100000, 0x0000000705100000, 0x0000000705200000|  0%| F|  |TS  0|AC  0|TAMS 0x0000000705100000, 0x0000000705100000|
|  82|0x0000000705200000, 0x0000000705200000, 0x0000000705300000|  0%| F|  |TS  0|AC  0|TAMS 0x0000000705200000, 0x0000000705200000|
|  83|0x0000000705300000, 0x0000000705300000, 0x0000000705400000|  0%| F|  |TS  0|AC  0|TAMS 0x0000000705300000, 0x0000000705300000|
|  84|0x0000000705400000, 0x0000000705400000, 0x0000000705500000|  0%| F|  |TS  0|AC  0|TAMS 0x0000000705400000, 0x0000000705400000|
|  85|0x0000000705500000, 0x0000000705500000, 0x0000000705600000|  0%| F|  |TS  0|AC  0|TAMS 0x0000000705500000, 0x0000000705500000|
|  86|0x0000000705600000, 0x0000000705600000, 0x0000000705700000|  0%| F|  |TS  0|AC  0|TAMS 0x0000000705600000, 0x0000000705600000|
|  87|0x0000000705700000, 0x0000000705700000, 0x0000000705800000|  0%| F|  |TS  0|AC  0|TAMS 0x0000000705700000, 0x0000000705700000|
|  88|0x0000000705800000, 0x0000000705800000, 0x0000000705900000|  0%| F|  |TS  0|AC  0|TAMS 0x0000000705800000, 0x0000000705800000|
|  89|0x0000000705900000, 0x0000000705900000, 0x0000000705a00000|  0%| F|  |TS  0|AC  0|TAMS 0x0000000705900000, 0x0000000705900000|
|  90|0x0000000705a00000, 0x0000000705a00000, 0x0000000705b00000|  0%| F|  |TS  0|AC  0|TAMS 0x0000000705a00000, 0x0000000705a00000|
|  91|0x0000000705b00000, 0x0000000705b00000, 0x0000000705c00000|  0%| F|  |TS  0|AC  0|TAMS 0x0000000705b00000, 0x0000000705b00000|
|  92|0x0000000705c00000, 0x0000000705c00000, 0x0000000705d00000|  0%| F|  |TS  0|AC  0|TAMS 0x0000000705c00000, 0x0000000705c00000|
|  93|0x0000000705d00000, 0x0000000705d00000, 0x0000000705e00000|  0%| F|  |TS  0|AC  0|TAMS 0x0000000705d00000, 0x0000000705d00000|
|  94|0x0000000705e00000, 0x0000000705e00000, 0x0000000705f00000|  0%| F|  |TS  0|AC  0|TAMS 0x0000000705e00000, 0x0000000705e00000|
|  95|0x0000000705f00000, 0x0000000705f00000, 0x0000000706000000|  0%| F|  |TS  0|AC  0|TAMS 0x0000000705f00000, 0x0000000705f00000|
|  96|0x0000000706000000, 0x0000000706000000, 0x0000000706100000|  0%| F|  |TS  0|AC  0|TAMS 0x0000000706000000, 0x0000000706000000|
|  97|0x0000000706100000, 0x0000000706100000, 0x0000000706200000|  0%| F|  |TS  0|AC  0|TAMS 0x0000000706100000, 0x0000000706100000|
|  98|0x0000000706200000, 0x0000000706200000, 0x0000000706300000|  0%| F|  |TS  0|AC  0|TAMS 0x0000000706200000, 0x0000000706200000|
|  99|0x0000000706300000, 0x0000000706300000, 0x0000000706400000|  0%| F|  |TS  0|AC  0|TAMS 0x0000000706300000, 0x0000000706300000|
| 100|0x0000000706400000, 0x0000000706400000, 0x0000000706500000|  0%| F|  |TS  0|AC  0|TAMS 0x0000000706400000, 0x0000000706400000|
| 101|0x0000000706500000, 0x0000000706500000, 0x0000000706600000|  0%| F|  |TS  0|AC  0|TAMS 0x0000000706500000, 0x0000000706500000|
| 102|0x0000000706600000, 0x0000000706600000, 0x0000000706700000|  0%| F|  |TS  0|AC  0|TAMS 0x0000000706600000, 0x0000000706600000|
| 103|0x0000000706700000, 0x0000000706700000, 0x0000000706800000|  0%| F|  |TS  0|AC  0|TAMS 0x0000000706700000, 0x0000000706700000|
| 104|0x0000000706800000, 0x0000000706800000, 0x0000000706900000|  0%| F|  |TS  0|AC  0|TAMS 0x0000000706800000, 0x0000000706800000|
| 105|0x0000000706900000, 0x0000000706900000, 0x0000000706a00000|  0%| F|  |TS  0|AC  0|TAMS 0x0000000706900000, 0x0000000706900000|
| 106|0x0000000706a00000, 0x0000000706a00000, 0x0000000706b00000|  0%| F|  |TS  0|AC  0|TAMS 0x0000000706a00000, 0x0000000706a00000|
| 107|0x0000000706b00000, 0x0000000706b00000, 0x0000000706c00000|  0%| F|  |TS  0|AC  0|TAMS 0x0000000706b00000, 0x0000000706b00000|
| 108|0x0000000706c00000, 0x0000000706c00000, 0x0000000706d00000|  0%| F|  |TS  0|AC  0|TAMS 0x0000000706c00000, 0x0000000706c00000|
| 109|0x0000000706d00000, 0x0000000706d00000, 0x0000000706e00000|  0%| F|  |TS  0|AC  0|TAMS 0x0000000706d00000, 0x0000000706d00000|
| 110|0x0000000706e00000, 0x0000000706e00000, 0x0000000706f00000|  0%| F|  |TS  0|AC  0|TAMS 0x0000000706e00000, 0x0000000706e00000|
| 111|0x0000000706f00000, 0x0000000706f00000, 0x0000000707000000|  0%| F|  |TS  0|AC  0|TAMS 0x0000000706f00000, 0x0000000706f00000|
| 112|0x0000000707000000, 0x0000000707000000, 0x0000000707100000|  0%| F|  |TS  0|AC  0|TAMS 0x0000000707000000, 0x0000000707000000|
| 113|0x0000000707100000, 0x0000000707100000, 0x0000000707200000|  0%| F|  |TS  0|AC  0|TAMS 0x0000000707100000, 0x0000000707100000|
| 114|0x0000000707200000, 0x0000000707200000, 0x0000000707300000|  0%| F|  |TS  0|AC  0|TAMS 0x0000000707200000, 0x0000000707200000|
| 115|0x0000000707300000, 0x0000000707300000, 0x0000000707400000|  0%| F|  |TS  0|AC  0|TAMS 0x0000000707300000, 0x0000000707300000|
| 116|0x0000000707400000, 0x0000000707400000, 0x0000000707500000|  0%| F|  |TS  0|AC  0|TAMS 0x0000000707400000, 0x0000000707400000|
| 117|0x0000000707500000, 0x0000000707500000, 0x0000000707600000|  0%| F|  |TS  0|AC  0|TAMS 0x0000000707500000, 0x0000000707500000|
| 118|0x0000000707600000, 0x0000000707600000, 0x0000000707700000|  0%| F|  |TS  0|AC  0|TAMS 0x0000000707600000, 0x0000000707600000|
| 119|0x0000000707700000, 0x0000000707700000, 0x0000000707800000|  0%| F|  |TS  0|AC  0|TAMS 0x0000000707700000, 0x0000000707700000|
| 120|0x0000000707800000, 0x0000000707800000, 0x0000000707900000|  0%| F|  |TS  0|AC  0|TAMS 0x0000000707800000, 0x0000000707800000|
| 121|0x0000000707900000, 0x0000000707900000, 0x0000000707a00000|  0%| F|  |TS  0|AC  0|TAMS 0x0000000707900000, 0x0000000707900000|
| 122|0x0000000707a00000, 0x0000000707a00000, 0x0000000707b00000|  0%| F|  |TS  0|AC  0|TAMS 0x0000000707a00000, 0x0000000707a00000|
| 123|0x0000000707b00000, 0x0000000707b00000, 0x0000000707c00000|  0%| F|  |TS  0|AC  0|TAMS 0x0000000707b00000, 0x0000000707b00000|
| 124|0x0000000707c00000, 0x0000000707c00000, 0x0000000707d00000|  0%| F|  |TS  0|AC  0|TAMS 0x0000000707c00000, 0x0000000707c00000|
| 125|0x0000000707d00000, 0x0000000707d00000, 0x0000000707e00000|  0%| F|  |TS  0|AC  0|TAMS 0x0000000707d00000, 0x0000000707d00000|
| 126|0x0000000707e00000, 0x0000000707e00000, 0x0000000707f00000|  0%| F|  |TS  0|AC  0|TAMS 0x0000000707e00000, 0x0000000707e00000|
| 127|0x0000000707f00000, 0x0000000707f00000, 0x0000000708000000|  0%| F|  |TS  0|AC  0|TAMS 0x0000000707f00000, 0x0000000707f00000|
| 128|0x0000000708000000, 0x0000000708000000, 0x0000000708100000|  0%| F|  |TS  0|AC  0|TAMS 0x0000000708000000, 0x0000000708000000|
| 129|0x0000000708100000, 0x0000000708100000, 0x0000000708200000|  0%| F|  |TS  0|AC  0|TAMS 0x0000000708100000, 0x0000000708100000|
| 130|0x0000000708200000, 0x00000007082a4f68, 0x0000000708300000| 64%| E|  |TS  0|AC  0|TAMS 0x0000000708200000, 0x0000000708200000|
| 131|0x0000000708300000, 0x0000000708400000, 0x0000000708400000|100%| E|CS|TS  0|AC  0|TAMS 0x0000000708300000, 0x0000000708300000|
| 132|0x0000000708400000, 0x0000000708500000, 0x0000000708500000|100%| E|CS|TS  0|AC  0|TAMS 0x0000000708400000, 0x0000000708400000|
| 133|0x0000000708500000, 0x0000000708600000, 0x0000000708600000|100%| E|CS|TS  0|AC  0|TAMS 0x0000000708500000, 0x0000000708500000|
| 134|0x0000000708600000, 0x0000000708700000, 0x0000000708700000|100%| E|CS|TS  0|AC  0|TAMS 0x0000000708600000, 0x0000000708600000|
| 135|0x0000000708700000, 0x0000000708800000, 0x0000000708800000|100%| E|CS|TS  0|AC  0|TAMS 0x0000000708700000, 0x0000000708700000|
| 136|0x0000000708800000, 0x0000000708900000, 0x0000000708900000|100%| E|CS|TS  0|AC  0|TAMS 0x0000000708800000, 0x0000000708800000|
| 137|0x0000000708900000, 0x0000000708a00000, 0x0000000708a00000|100%| E|CS|TS  0|AC  0|TAMS 0x0000000708900000, 0x0000000708900000|
| 138|0x0000000708a00000, 0x0000000708b00000, 0x0000000708b00000|100%| E|CS|TS  0|AC  0|TAMS 0x0000000708a00000, 0x0000000708a00000|
| 139|0x0000000708b00000, 0x0000000708c00000, 0x0000000708c00000|100%| E|CS|TS  0|AC  0|TAMS 0x0000000708b00000, 0x0000000708b00000|
| 140|0x0000000708c00000, 0x0000000708d00000, 0x0000000708d00000|100%| E|CS|TS  0|AC  0|TAMS 0x0000000708c00000, 0x0000000708c00000|
| 141|0x0000000708d00000, 0x0000000708e00000, 0x0000000708e00000|100%| E|CS|TS  0|AC  0|TAMS 0x0000000708d00000, 0x0000000708d00000|
| 142|0x0000000708e00000, 0x0000000708f00000, 0x0000000708f00000|100%| E|CS|TS  0|AC  0|TAMS 0x0000000708e00000, 0x0000000708e00000|
| 143|0x0000000708f00000, 0x0000000709000000, 0x0000000709000000|100%| E|CS|TS  0|AC  0|TAMS 0x0000000708f00000, 0x0000000708f00000|
| 144|0x0000000709000000, 0x0000000709100000, 0x0000000709100000|100%| E|CS|TS  0|AC  0|TAMS 0x0000000709000000, 0x0000000709000000|
| 145|0x0000000709100000, 0x0000000709200000, 0x0000000709200000|100%| E|CS|TS  0|AC  0|TAMS 0x0000000709100000, 0x0000000709100000|
| 146|0x0000000709200000, 0x0000000709300000, 0x0000000709300000|100%| E|CS|TS  0|AC  0|TAMS 0x0000000709200000, 0x0000000709200000|
| 147|0x0000000709300000, 0x0000000709400000, 0x0000000709400000|100%| E|CS|TS  0|AC  0|TAMS 0x0000000709300000, 0x0000000709300000|
| 148|0x0000000709400000, 0x0000000709500000, 0x0000000709500000|100%| E|CS|TS  0|AC  0|TAMS 0x0000000709400000, 0x0000000709400000|
| 149|0x0000000709500000, 0x0000000709600000, 0x0000000709600000|100%| E|CS|TS  0|AC  0|TAMS 0x0000000709500000, 0x0000000709500000|
| 150|0x0000000709600000, 0x0000000709700000, 0x0000000709700000|100%| E|CS|TS  0|AC  0|TAMS 0x0000000709600000, 0x0000000709600000|
| 151|0x0000000709700000, 0x0000000709800000, 0x0000000709800000|100%| E|CS|TS  0|AC  0|TAMS 0x0000000709700000, 0x0000000709700000|
| 152|0x0000000709800000, 0x0000000709900000, 0x0000000709900000|100%| E|CS|TS  0|AC  0|TAMS 0x0000000709800000, 0x0000000709800000|
| 153|0x0000000709900000, 0x0000000709a00000, 0x0000000709a00000|100%| E|CS|TS  0|AC  0|TAMS 0x0000000709900000, 0x0000000709900000|
| 154|0x0000000709a00000, 0x0000000709b00000, 0x0000000709b00000|100%| E|CS|TS  0|AC  0|TAMS 0x0000000709a00000, 0x0000000709a00000|
| 155|0x0000000709b00000, 0x0000000709c00000, 0x0000000709c00000|100%| E|CS|TS  0|AC  0|TAMS 0x0000000709b00000, 0x0000000709b00000|
| 156|0x0000000709c00000, 0x0000000709d00000, 0x0000000709d00000|100%| E|CS|TS  0|AC  0|TAMS 0x0000000709c00000, 0x0000000709c00000|
| 157|0x0000000709d00000, 0x0000000709e00000, 0x0000000709e00000|100%| E|CS|TS  0|AC  0|TAMS 0x0000000709d00000, 0x0000000709d00000|
| 158|0x0000000709e00000, 0x0000000709f00000, 0x0000000709f00000|100%| E|CS|TS  0|AC  0|TAMS 0x0000000709e00000, 0x0000000709e00000|
| 159|0x0000000709f00000, 0x0000000709f2d0a0, 0x000000070a000000| 17%| S|CS|TS  0|AC  0|TAMS 0x0000000709f00000, 0x0000000709f00000|
| 160|0x000000070a000000, 0x000000070a100000, 0x000000070a100000|100%| E|CS|TS  0|AC  0|TAMS 0x000000070a000000, 0x000000070a000000|

Card table byte_map: [0x000002253d8d0000,0x000002253ded0000] byte_map_base: 0x000002253a0d0000

Marking Bits (Prev, Next): (CMBitMap*) 0x000002253f7a9d68, (CMBitMap*) 0x000002253f7a9d30
 Prev Bits: [0x0000022558fc0000, 0x000002255bfc0000)
 Next Bits: [0x0000022555fc0000, 0x0000022558fc0000)

Polling page: 0x00000225347d0000

CodeHeap 'non-profiled nmethods': size=120000Kb used=19861Kb max_used=19861Kb free=100138Kb
 bounds [0x000002254ea90000, 0x000002254fe00000, 0x0000022555fc0000]
CodeHeap 'profiled nmethods': size=120000Kb used=39691Kb max_used=39691Kb free=80309Kb
 bounds [0x0000022547560000, 0x0000022549c60000, 0x000002254ea90000]
CodeHeap 'non-nmethods': size=5760Kb used=1759Kb max_used=1817Kb free=4000Kb
 bounds [0x0000022546fc0000, 0x0000022547230000, 0x0000022547560000]
 total_blobs=28163 nmethods=15838 adapters=1072
 compilation: enabled

Compilation events (10 events):
Event: 2019.407 Thread 0x000002253e8aa800 19149       3       javax.swing.JList::getMinSelectionIndex (10 bytes)
Event: 2019.407 Thread 0x000002253e8aa800 nmethod 19149 0x0000022549c53990 code [0x0000022549c53b40, 0x0000022549c53df0]
Event: 2019.495 Thread 0x000002253e8aa800 19150       3       javax.swing.plaf.basic.BasicListUI::access$900 (5 bytes)
Event: 2019.495 Thread 0x000002253e8aa800 nmethod 19150 0x0000022549c53e90 code [0x0000022549c54080, 0x0000022549c545a0]
Event: 2019.495 Thread 0x000002253e8aa800 19151       3       javax.swing.plaf.basic.BasicListUI::redrawList (15 bytes)
Event: 2019.495 Thread 0x000002253e8aa800 nmethod 19151 0x0000022549c54790 code [0x0000022549c54980, 0x0000022549c54e40]
Event: 2019.496 Thread 0x000002253e8aa800 19152       3       java.util.Collections$EmptyMap::entrySet (4 bytes)
Event: 2019.496 Thread 0x000002253e8aa800 nmethod 19152 0x0000022549c55010 code [0x0000022549c551c0, 0x0000022549c55378]
Event: 2019.496 Thread 0x000002253e8aa800 19153       3       com.google.protobuf.CodedOutputStream::computeLengthDelimitedFieldSize (7 bytes)
Event: 2019.496 Thread 0x000002253e8aa800 nmethod 19153 0x0000022549c55410 code [0x0000022549c555c0, 0x0000022549c55730]

GC Heap History (10 events):
Event: 1959.666 GC heap before
{Heap before GC invocations=173 (full 32):
 garbage-first heap   total 164864K, used 129683K [0x0000000700000000, 0x0000000700100508, 0x00000007c0000000)
  region size 1024K, 60 young (61440K), 1 survivors (1024K)
 Metaspace       used 81113K, capacity 87059K, committed 87324K, reserved 1124352K
  class space    used 11188K, capacity 12228K, committed 12316K, reserved 1048576K
}
Event: 1959.669 GC heap after
{Heap after GC invocations=174 (full 32):
 garbage-first heap   total 164864K, used 69365K [0x0000000700000000, 0x0000000700100508, 0x00000007c0000000)
  region size 1024K, 2 young (2048K), 2 survivors (2048K)
 Metaspace       used 81113K, capacity 87059K, committed 87324K, reserved 1124352K
  class space    used 11188K, capacity 12228K, committed 12316K, reserved 1048576K
}
Event: 2004.336 GC heap before
{Heap before GC invocations=174 (full 32):
 garbage-first heap   total 164864K, used 128757K [0x0000000700000000, 0x0000000700100508, 0x00000007c0000000)
  region size 1024K, 60 young (61440K), 2 survivors (2048K)
 Metaspace       used 81142K, capacity 87123K, committed 87324K, reserved 1124352K
  class space    used 11188K, capacity 12228K, committed 12316K, reserved 1048576K
}
Event: 2004.341 GC heap after
{Heap after GC invocations=175 (full 32):
 garbage-first heap   total 164864K, used 69198K [0x0000000700000000, 0x0000000700100508, 0x00000007c0000000)
  region size 1024K, 1 young (1024K), 1 survivors (1024K)
 Metaspace       used 81142K, capacity 87123K, committed 87324K, reserved 1124352K
  class space    used 11188K, capacity 12228K, committed 12316K, reserved 1048576K
}
Event: 2004.903 GC heap before
{Heap before GC invocations=175 (full 32):
 garbage-first heap   total 164864K, used 129614K [0x0000000700000000, 0x0000000700100508, 0x00000007c0000000)
  region size 1024K, 60 young (61440K), 1 survivors (1024K)
 Metaspace       used 81142K, capacity 87123K, committed 87324K, reserved 1124352K
  class space    used 11188K, capacity 12228K, committed 12316K, reserved 1048576K
}
Event: 2004.905 GC heap after
{Heap after GC invocations=176 (full 32):
 garbage-first heap   total 164864K, used 69012K [0x0000000700000000, 0x0000000700100508, 0x00000007c0000000)
  region size 1024K, 1 young (1024K), 1 survivors (1024K)
 Metaspace       used 81142K, capacity 87123K, committed 87324K, reserved 1124352K
  class space    used 11188K, capacity 12228K, committed 12316K, reserved 1048576K
}
Event: 2014.865 GC heap before
{Heap before GC invocations=176 (full 32):
 garbage-first heap   total 164864K, used 114068K [0x0000000700000000, 0x0000000700100508, 0x00000007c0000000)
  region size 1024K, 41 young (41984K), 1 survivors (1024K)
 Metaspace       used 81148K, capacity 87123K, committed 87324K, reserved 1124352K
  class space    used 11188K, capacity 12228K, committed 12316K, reserved 1048576K
}
Event: 2015.017 GC heap after
{Heap after GC invocations=177 (full 33):
 garbage-first heap   total 164864K, used 71720K [0x0000000700000000, 0x0000000700100508, 0x00000007c0000000)
  region size 1024K, 0 young (0K), 0 survivors (0K)
 Metaspace       used 81148K, capacity 87123K, committed 87324K, reserved 1124352K
  class space    used 11188K, capacity 12228K, committed 12316K, reserved 1048576K
}
Event: 2015.033 GC heap before
{Heap before GC invocations=177 (full 33):
 garbage-first heap   total 164864K, used 71720K [0x0000000700000000, 0x0000000700100508, 0x00000007c0000000)
  region size 1024K, 1 young (1024K), 0 survivors (0K)
 Metaspace       used 81148K, capacity 87123K, committed 87324K, reserved 1124352K
  class space    used 11188K, capacity 12228K, committed 12316K, reserved 1048576K
}
Event: 2015.035 GC heap after
{Heap after GC invocations=178 (full 33):
 garbage-first heap   total 164864K, used 71900K [0x0000000700000000, 0x0000000700100508, 0x00000007c0000000)
  region size 1024K, 1 young (1024K), 1 survivors (1024K)
 Metaspace       used 81148K, capacity 87123K, committed 87324K, reserved 1124352K
  class space    used 11188K, capacity 12228K, committed 12316K, reserved 1048576K
}

Deoptimization events (10 events):
Event: 1575.181 Thread 0x0000022560e4f000 Uncommon trap: reason=bimorphic_or_optimized_type_check action=maybe_recompile pc=0x000002254fd673bc method=java.awt.Component.dispatchEventImpl(Ljava/awt/AWTEvent;)V @ 447 c2
Event: 1575.192 Thread 0x0000022560e4f000 Uncommon trap: reason=bimorphic_or_optimized_type_check action=maybe_recompile pc=0x000002254fd673bc method=java.awt.Component.dispatchEventImpl(Ljava/awt/AWTEvent;)V @ 447 c2
Event: 1997.580 Thread 0x0000022560e4f000 Uncommon trap: reason=unstable_if action=reinterpret pc=0x000002254fd8bd94 method=com.jidesoft.docking.DockingUtils.a(Ljava/awt/AWTEvent;Z)Lcom/jidesoft/docking/DockingManager; @ 186 c2
Event: 2015.122 Thread 0x0000022560e4f000 Uncommon trap: reason=class_check action=maybe_recompile pc=0x000002254f60282c method=com.jidesoft.grid.CellSpanTable.getSpanModel()Ljavax/swing/table/TableModel; @ 14 c2
Event: 2015.122 Thread 0x0000022560e4f000 Uncommon trap: reason=class_check action=maybe_recompile pc=0x000002254f375460 method=com.jidesoft.grid.CellSpanTable.isCellSpanOn()Z @ 54 c2
Event: 2015.943 Thread 0x0000022560e4f000 Uncommon trap: reason=class_check action=maybe_recompile pc=0x000002254fb11d2c method=javax.swing.SwingUtilities.convertPointFromScreen(Ljava/awt/Point;Ljava/awt/Component;)V @ 29 c2
Event: 2015.946 Thread 0x0000022560e4f000 Uncommon trap: reason=bimorphic_or_optimized_type_check action=maybe_recompile pc=0x000002254f6f97b8 method=java.awt.Component.updateCursorImmediately()V @ 30 c2
Event: 2015.972 Thread 0x0000022560e4f000 Uncommon trap: reason=class_check action=maybe_recompile pc=0x000002254f06bd70 method=java.awt.Component.getLocationOnScreen_NoTreeLock()Ljava/awt/Point; @ 86 c2
Event: 2015.974 Thread 0x0000022560e4f000 Uncommon trap: reason=class_check action=maybe_recompile pc=0x000002254f922b88 method=javax.swing.RepaintManager.updateWindows(Ljava/util/Map;)V @ 79 c2
Event: 2019.494 Thread 0x0000022560e4f000 Uncommon trap: reason=bimorphic_or_optimized_type_check action=maybe_recompile pc=0x000002254faab174 method=javax.swing.text.AbstractDocument.fireRemoveUpdate(Ljavax/swing/event/DocumentEvent;)V @ 39 c2

Classes redefined (0 events):
No events

Internal exceptions (10 events):
Event: 1443.719 Thread 0x0000022560e4f000 Exception <a 'java/lang/NoSuchMethodError'{0x0000000708402408}: method resolution failed> (0x0000000708402408) thrown at [t:/workspace/hotspot/src/share/vm/prims/methodHandles.cpp, line 1256]
Event: 1443.720 Thread 0x0000022560e4f000 Exception <a 'java/lang/NoSuchMethodError'{0x00000007084060e8}: java.lang.invoke.DelegatingMethodHandle$Holder.reinvoke_L(Ljava/lang/Object;Ljava/lang/Object;Ljava/lang/Object;Ljava/lang/Object;ILjava/lang/Object;)Ljava/lang/Object;> (0x00000007084060e8) 
Event: 1574.156 Thread 0x0000022560e4f000 Exception <a 'java/lang/NoSuchMethodError'{0x0000000709dbbdd0}: java.lang.invoke.DirectMethodHandle$Holder.invokeSpecial(Ljava/lang/Object;Ljava/lang/Object;Ljava/lang/Object;IILjava/lang/Object;Ljava/lang/Object;Ljava/lang/Object;Ljava/lang/Object;Ljava/
Event: 1574.156 Thread 0x0000022560e4f000 Exception <a 'java/lang/NoSuchMethodError'{0x0000000709dc0868}: java.lang.invoke.DelegatingMethodHandle$Holder.reinvoke_L(Ljava/lang/Object;Ljava/lang/Object;IILjava/lang/Object;Ljava/lang/Object;Ljava/lang/Object;Ljava/lang/Object;Ljava/lang/Object;Ljava
Event: 1574.159 Thread 0x0000022560e4f000 Exception <a 'java/lang/NoSuchMethodError'{0x0000000709c34408}: java.lang.invoke.DirectMethodHandle$Holder.invokeSpecial(Ljava/lang/Object;Ljava/lang/Object;IILjava/lang/Object;Ljava/lang/Object;Ljava/lang/Object;Ljava/lang/Object;Ljava/lang/Object;Ljava/
Event: 1574.159 Thread 0x0000022560e4f000 Exception <a 'java/lang/NoSuchMethodError'{0x0000000709c38630}: java.lang.invoke.DelegatingMethodHandle$Holder.reinvoke_L(Ljava/lang/Object;IILjava/lang/Object;Ljava/lang/Object;Ljava/lang/Object;Ljava/lang/Object;Ljava/lang/Object;Ljava/lang/Object;Ljava
Event: 1574.162 Thread 0x0000022560e4f000 Exception <a 'java/lang/NoSuchMethodError'{0x0000000709c89ff0}: java.lang.invoke.DirectMethodHandle$Holder.invokeSpecial(Ljava/lang/Object;Ljava/lang/Object;Ljava/lang/Object;Ljava/lang/Object;Ljava/lang/Object;Ljava/lang/Object;Ljava/lang/Object;Ljava/la
Event: 1574.166 Thread 0x0000022560e4f000 Exception <a 'java/lang/NoSuchMethodError'{0x0000000709b11780}: java.lang.invoke.DirectMethodHandle$Holder.invokeSpecial(Ljava/lang/Object;Ljava/lang/Object;IILjava/lang/Object;IILjava/lang/Object;Ljava/lang/Object;)Ljava/lang/Object;> (0x0000000709b11780
Event: 1574.166 Thread 0x0000022560e4f000 Exception <a 'java/lang/NoSuchMethodError'{0x0000000709b150b8}: java.lang.invoke.DelegatingMethodHandle$Holder.reinvoke_L(Ljava/lang/Object;IILjava/lang/Object;IILjava/lang/Object;Ljava/lang/Object;)Ljava/lang/Object;> (0x0000000709b150b8) thrown at [t:/w
Event: 1574.168 Thread 0x0000022560e4f000 Exception <a 'java/lang/NoSuchMethodError'{0x0000000709b6be30}: java.lang.invoke.DirectMethodHandle$Holder.invokeSpecial(Ljava/lang/Object;Ljava/lang/Object;Ljava/lang/Object;IILjava/lang/Object;Ljava/lang/Object;)Ljava/lang/Object;> (0x0000000709b6be30) 

Events (10 events):
Event: 2016.100 Thread 0x0000022562cbb800 Thread exited: 0x0000022562cbb800
Event: 2017.098 Thread 0x0000022562cbd000 Thread added: 0x0000022562cbd000
Event: 2017.101 Thread 0x0000022562cbd000 Thread exited: 0x0000022562cbd000
Event: 2018.099 Thread 0x0000022562cbb800 Thread added: 0x0000022562cbb800
Event: 2018.102 Thread 0x0000022562cbb800 Thread exited: 0x0000022562cbb800
Event: 2019.100 Thread 0x0000022562cb9000 Thread added: 0x0000022562cb9000
Event: 2019.103 Thread 0x0000022562cb9000 Thread exited: 0x0000022562cb9000
Event: 2019.494 Thread 0x0000022560e4f000 Uncommon trap: trap_request=0xffffffc6 fr.pc=0x000002254faab174 relative=0x0000000000000314
Event: 2019.494 Thread 0x0000022560e4f000 DEOPT PACKING pc=0x000002254faab174 sp=0x0000005d23cfb500
Event: 2019.494 Thread 0x0000022560e4f000 DEOPT UNPACKING pc=0x000002254700df29 sp=0x0000005d23cfb4a0 mode 2


Dynamic libraries:
0x00007ff606900000 - 0x00007ff606930000 	D:\Vivado\Vivado\2019.1\bin\unwrapped\win64.o\vivado.exe
0x00007ff9c7b60000 - 0x00007ff9c7d41000 	C:\WINDOWS\SYSTEM32\ntdll.dll
0x00007ff9c4fe0000 - 0x00007ff9c5091000 	C:\WINDOWS\System32\KERNEL32.DLL
0x00007ff9c4a90000 - 0x00007ff9c4d03000 	C:\WINDOWS\System32\KERNELBASE.dll
0x00007ff9c4750000 - 0x00007ff9c4848000 	C:\WINDOWS\System32\ucrtbase.dll
0x00007ff9b1080000 - 0x00007ff9b1119000 	C:\WINDOWS\SYSTEM32\MSVCP140.dll
0x00007ff9b1060000 - 0x00007ff9b1077000 	C:\WINDOWS\SYSTEM32\VCRUNTIME140.dll
0x00007ff9bdab0000 - 0x00007ff9bdac4000 	D:\Vivado\Vivado\2019.1\lib\win64.o\libboost_signals.dll
0x00007ff9bd140000 - 0x00007ff9bd154000 	D:\Vivado\Vivado\2019.1\lib\win64.o\librdi_commonmain.dll
0x00007ff95b770000 - 0x00007ff95c652000 	D:\Vivado\Vivado\2019.1\lib\win64.o\librdi_common.dll
0x00007ff9c7990000 - 0x00007ff9c7b21000 	C:\WINDOWS\System32\USER32.dll
0x00007ff9c3f10000 - 0x00007ff9c3f30000 	C:\WINDOWS\System32\win32u.dll
0x00007ff9c50a0000 - 0x00007ff9c50c8000 	C:\WINDOWS\System32\GDI32.dll
0x00007ff9c4850000 - 0x00007ff9c49e1000 	C:\WINDOWS\System32\gdi32full.dll
0x00007ff9c49f0000 - 0x00007ff9c4a8f000 	C:\WINDOWS\System32\msvcp_win.dll
0x00007ff9c78e0000 - 0x00007ff9c7981000 	C:\WINDOWS\System32\ADVAPI32.dll
0x00007ff9c5a10000 - 0x00007ff9c5aae000 	C:\WINDOWS\System32\msvcrt.dll
0x00007ff9c74a0000 - 0x00007ff9c74fb000 	C:\WINDOWS\System32\sechost.dll
0x00007ff9c77b0000 - 0x00007ff9c78d4000 	C:\WINDOWS\System32\RPCRT4.dll
0x00007ff9c5b70000 - 0x00007ff9c6fb5000 	C:\WINDOWS\System32\SHELL32.dll
0x00007ff9c4f80000 - 0x00007ff9c4fc9000 	C:\WINDOWS\System32\cfgmgr32.dll
0x00007ff9c5ac0000 - 0x00007ff9c5b69000 	C:\WINDOWS\System32\shcore.dll
0x00007ff9c5680000 - 0x00007ff9c59a1000 	C:\WINDOWS\System32\combase.dll
0x00007ff9c4d10000 - 0x00007ff9c4d89000 	C:\WINDOWS\System32\bcryptPrimitives.dll
0x00007ff9c3f30000 - 0x00007ff9c4640000 	C:\WINDOWS\System32\windows.storage.dll
0x00007ff9c7670000 - 0x00007ff9c76c1000 	C:\WINDOWS\System32\shlwapi.dll
0x00007ff9c3e50000 - 0x00007ff9c3e61000 	C:\WINDOWS\System32\kernel.appcore.dll
0x00007ff9c3e90000 - 0x00007ff9c3eaf000 	C:\WINDOWS\System32\profapi.dll
0x00007ff9c3ec0000 - 0x00007ff9c3f0c000 	C:\WINDOWS\System32\powrprof.dll
0x00007ff9c3eb0000 - 0x00007ff9c3eba000 	C:\WINDOWS\System32\FLTLIB.DLL
0x00007ff9bdef0000 - 0x00007ff9bdefa000 	D:\Vivado\Vivado\2019.1\lib\win64.o\librdi_commonversion.dll
0x00007ff9b2420000 - 0x00007ff9b2446000 	D:\Vivado\Vivado\2019.1\lib\win64.o\libboost_filesystem.dll
0x0000000054970000 - 0x0000000054a9b000 	D:\Vivado\Vivado\2019.1\lib\win64.o\tcl85t.dll
0x00007ff977840000 - 0x00007ff977961000 	D:\Vivado\Vivado\2019.1\lib\win64.o\librdi_commonxillic.dll
0x00007ff9c5550000 - 0x00007ff9c55bc000 	C:\WINDOWS\System32\WS2_32.dll
0x00007ff9bca80000 - 0x00007ff9bca94000 	D:\Vivado\Vivado\2019.1\lib\win64.o\libboost_date_time.dll
0x00007ff9bd9a0000 - 0x00007ff9bd9ab000 	D:\Vivado\Vivado\2019.1\lib\win64.o\libboost_system.dll
0x00007ff98bc90000 - 0x00007ff98bd0f000 	D:\Vivado\Vivado\2019.1\lib\win64.o\libboost_program_options.dll
0x00007ff969a00000 - 0x00007ff969b14000 	D:\Vivado\Vivado\2019.1\lib\win64.o\libboost_regex.dll
0x00007ff9bd630000 - 0x00007ff9bd63f000 	D:\Vivado\Vivado\2019.1\lib\win64.o\libboost_xilinx.dll
0x00007ff9ac610000 - 0x00007ff9ac631000 	D:\Vivado\Vivado\2019.1\lib\win64.o\libboost_thread.dll
0x00007ff98a160000 - 0x00007ff98a205000 	D:\Vivado\Vivado\2019.1\lib\win64.o\libhdxml.dll
0x00007ff97cf10000 - 0x00007ff97cf92000 	D:\Vivado\Vivado\2019.1\lib\win64.o\libhdlpsolve.dll
0x00007ff966b70000 - 0x00007ff966ede000 	D:\Vivado\Vivado\2019.1\lib\win64.o\libCOIN-all.dll
0x00007ff97d260000 - 0x00007ff97d2c5000 	D:\Vivado\Vivado\2019.1\lib\win64.o\liblmx6.0.dll
0x00007ff9b3c60000 - 0x00007ff9b3c7a000 	D:\Vivado\Vivado\2019.1\lib\win64.o\pthreadVC2.dll
0x00007ff9b3bd0000 - 0x00007ff9b3bec000 	D:\Vivado\Vivado\2019.1\lib\win64.o\librdiconfig.dll
0x00007ff9a18f0000 - 0x00007ff9a1911000 	D:\Vivado\Vivado\2019.1\lib\win64.o\librdizlib.dll
0x00007ff9affa0000 - 0x00007ff9affb7000 	C:\WINDOWS\SYSTEM32\NETAPI32.dll
0x00007ff9af390000 - 0x00007ff9af84d000 	C:\WINDOWS\SYSTEM32\WININET.dll
0x00007ff9bd300000 - 0x00007ff9bd3dd000 	C:\WINDOWS\SYSTEM32\WINHTTP.dll
0x00007ff9b5fc0000 - 0x00007ff9b618a000 	C:\WINDOWS\SYSTEM32\urlmon.dll
0x00007ff990360000 - 0x00007ff99038e000 	D:\Vivado\Vivado\2019.1\lib\win64.o\libisl_sysinfo.dll
0x00007ff9aeb90000 - 0x00007ff9aeb99000 	C:\WINDOWS\SYSTEM32\WSOCK32.dll
0x00007ff98dc80000 - 0x00007ff98dca8000 	C:\WINDOWS\SYSTEM32\VCOMP140.DLL
0x00007ff95abc0000 - 0x00007ff95b76f400 	D:\Vivado\Vivado\2019.1\lib\win64.o\libisl_iostreams.dll
0x0000000012000000 - 0x0000000012270000 	D:\Vivado\Vivado\2019.1\lib\win64.o\xerces-c_3_1.dll
0x00007ff959d20000 - 0x00007ff95abb1000 	D:\Vivado\Vivado\2019.1\lib\win64.o\gurobi65.dll
0x00007ff966890000 - 0x00007ff966b68000 	D:\Vivado\Vivado\2019.1\lib\win64.o\libXil_lmgr11.dll
0x00007ff9c6fc0000 - 0x00007ff9c70ad000 	C:\WINDOWS\System32\COMDLG32.dll
0x00007ff9c73d0000 - 0x00007ff9c7492000 	C:\WINDOWS\System32\OLEAUT32.dll
0x00007ff9c7510000 - 0x00007ff9c7661000 	C:\WINDOWS\System32\ole32.dll
0x00007ff9c4640000 - 0x00007ff9c4697000 	C:\WINDOWS\System32\WINTRUST.dll
0x00007ff9c3e70000 - 0x00007ff9c3e82000 	C:\WINDOWS\System32\MSASN1.dll
0x00007ff9c4d90000 - 0x00007ff9c4f72000 	C:\WINDOWS\System32\CRYPT32.dll
0x00007ff9b67d0000 - 0x00007ff9b6a77000 	C:\WINDOWS\SYSTEM32\iertutil.dll
0x00007ff9bd2c0000 - 0x00007ff9bd2cd000 	D:\Vivado\Vivado\2019.1\lib\win64.o\libboost_chrono.dll
0x00007ff9b0040000 - 0x00007ff9b005b000 	D:\Vivado\Vivado\2019.1\lib\win64.o\libboost_iostreams.dll
0x00007ff98d150000 - 0x00007ff98d175000 	D:\Vivado\Vivado\2019.1\lib\win64.o\libisl_iosutils.dll
0x00007ff9b2740000 - 0x00007ff9b27e7000 	C:\WINDOWS\WinSxS\amd64_microsoft.windows.common-controls_6595b64144ccf1df_5.82.17134.1130_none_557424652661399e\COMCTL32.dll
0x00007ff9c1f90000 - 0x00007ff9c1faa000 	C:\WINDOWS\SYSTEM32\dhcpcsvc.DLL
0x00007ff9c7500000 - 0x00007ff9c7508000 	C:\WINDOWS\System32\NSI.dll
0x00007ff9c3820000 - 0x00007ff9c382b000 	C:\WINDOWS\SYSTEM32\CRYPTBASE.DLL
0x00007ff9c34a0000 - 0x00007ff9c34ae000 	C:\WINDOWS\SYSTEM32\NETUTILS.DLL
0x00007ff9c5520000 - 0x00007ff9c554d000 	C:\WINDOWS\System32\IMM32.DLL
0x00007ff966370000 - 0x00007ff966887000 	D:\Vivado\Vivado\2019.1\lib\win64.o\librdi_commontasks.dll
0x00007ff9c3930000 - 0x00007ff9c393a000 	C:\WINDOWS\SYSTEM32\VERSION.dll
0x00007ff965d00000 - 0x00007ff965f86000 	D:\Vivado\Vivado\2019.1\lib\win64.o\librdi_sio.dll
0x00007ff9c33a0000 - 0x00007ff9c33d8000 	C:\WINDOWS\SYSTEM32\IPHLPAPI.DLL
0x0000000053f40000 - 0x0000000054965000 	D:\Vivado\Vivado\2019.1\tps\win64\jre9.0.4\bin\server\jvm.dll
0x00007ff9c5ab0000 - 0x00007ff9c5ab8000 	C:\WINDOWS\System32\PSAPI.DLL
0x00007ff9c0f90000 - 0x00007ff9c0fb3000 	C:\WINDOWS\SYSTEM32\WINMM.dll
0x00007ff9c0be0000 - 0x00007ff9c0c0a000 	C:\WINDOWS\SYSTEM32\WINMMBASE.dll
0x00007ff978ca0000 - 0x00007ff978d8f000 	C:\WINDOWS\SYSTEM32\MSVCR120.dll
0x00007ff9c3650000 - 0x00007ff9c36b6000 	C:\WINDOWS\SYSTEM32\MSWSOCK.DLL
0x00007ff957860000 - 0x00007ff959d1c000 	D:\Vivado\Vivado\2019.1\lib\win64.o\librdi_tcltasks.dll
0x00007ff9658f0000 - 0x00007ff965cf8000 	D:\Vivado\Vivado\2019.1\lib\win64.o\librdi_bitstream.dll
0x00007ff97d090000 - 0x00007ff97d108000 	D:\Vivado\Vivado\2019.1\lib\win64.o\librdi_boarddep.dll
0x00007ff955e70000 - 0x00007ff95785a000 	D:\Vivado\Vivado\2019.1\lib\win64.o\librdi_constraints.dll
0x00007ff965640000 - 0x00007ff9657fd000 	D:\Vivado\Vivado\2019.1\lib\win64.o\librdi_chipscopeimpl.dll
0x00007ff965800000 - 0x00007ff9658eb000 	D:\Vivado\Vivado\2019.1\lib\win64.o\librdi_chipscope.dll
0x00007ff953fb0000 - 0x00007ff955e61000 	D:\Vivado\Vivado\2019.1\lib\win64.o\librdi_coregen.dll
0x00007ff9538d0000 - 0x00007ff953faa000 	D:\Vivado\Vivado\2019.1\lib\win64.o\librdi_coregenipxact.dll
0x00007ff953770000 - 0x00007ff9538c6000 	D:\Vivado\Vivado\2019.1\lib\win64.o\librdi_containers.dll
0x00007ff9411a0000 - 0x00007ff9535cc000 	D:\Vivado\Vivado\2019.1\lib\win64.o\librdi_device.dll
0x00007ff93ce30000 - 0x00007ff93d14e000 	D:\Vivado\Vivado\2019.1\lib\win64.o\librdi_dlyest.dll
0x00007ff93d150000 - 0x00007ff941193000 	D:\Vivado\Vivado\2019.1\lib\win64.o\librdi_designutils.dll
0x00007ff93c890000 - 0x00007ff93ce2a000 	D:\Vivado\Vivado\2019.1\lib\win64.o\librdi_drc.dll
0x00007ff9535d0000 - 0x00007ff953761000 	D:\Vivado\Vivado\2019.1\lib\win64.o\librdi_board.dll
0x00007ff965570000 - 0x00007ff965634000 	D:\Vivado\Vivado\2019.1\lib\win64.o\librdi_dsp.dll
0x00007ff93bf50000 - 0x00007ff93c59d000 	D:\Vivado\Vivado\2019.1\lib\win64.o\librdi_filemgmt.dll
0x00007ff93c5a0000 - 0x00007ff93c883000 	D:\Vivado\Vivado\2019.1\lib\win64.o\librdi_guitools.dll
0x00007ff969990000 - 0x00007ff9699f5000 	D:\Vivado\Vivado\2019.1\lib\win64.o\librdi_hdf.dll
0x00007ff93a990000 - 0x00007ff93bf50000 	D:\Vivado\Vivado\2019.1\lib\win64.o\librdi_implflow.dll
0x00007ff93a370000 - 0x00007ff93a985000 	D:\Vivado\Vivado\2019.1\lib\win64.o\librdi_memdata.dll
0x00007ff967750000 - 0x00007ff9677c3000 	D:\Vivado\Vivado\2019.1\lib\win64.o\librdi_memoryarray.dll
0x00007ff979030000 - 0x00007ff97907b000 	D:\Vivado\Vivado\2019.1\lib\win64.o\librdi_pfi.dll
0x00007ff937680000 - 0x00007ff93a366000 	D:\Vivado\Vivado\2019.1\lib\win64.o\librdi_mig.dll
0x00007ff934950000 - 0x00007ff934ff2000 	D:\Vivado\Vivado\2019.1\lib\win64.o\librdi_netlist.dll
0x00007ff935000000 - 0x00007ff937676000 	D:\Vivado\Vivado\2019.1\lib\win64.o\librdi_place.dll
0x00007ff934640000 - 0x00007ff93494f000 	D:\Vivado\Vivado\2019.1\lib\win64.o\librdi_platform.dll
0x00007ff933ef0000 - 0x00007ff93463a000 	D:\Vivado\Vivado\2019.1\lib\win64.o\librdi_power.dll
0x00007ff933260000 - 0x00007ff9337df000 	D:\Vivado\Vivado\2019.1\lib\win64.o\librdi_project.dll
0x00007ff932e60000 - 0x00007ff933251000 	D:\Vivado\Vivado\2019.1\lib\win64.o\librdi_runs.dll
0x00007ff932750000 - 0x00007ff932e56000 	D:\Vivado\Vivado\2019.1\lib\win64.o\librdi_rsb.dll
0x00007ff9324f0000 - 0x00007ff932746000 	D:\Vivado\Vivado\2019.1\lib\win64.o\librdi_simdata.dll
0x00007ff964e60000 - 0x00007ff964f5a000 	D:\Vivado\Vivado\2019.1\lib\win64.o\librdi_runsbase.dll
0x00007ff9337e0000 - 0x00007ff933ee9000 	D:\Vivado\Vivado\2019.1\lib\win64.o\librdi_psta.dll
0x00007ff9316d0000 - 0x00007ff9324e1000 	D:\Vivado\Vivado\2019.1\lib\win64.o\librdi_timing.dll
0x00007ff9777f0000 - 0x00007ff97783c000 	D:\Vivado\Vivado\2019.1\lib\win64.o\libboost_serialization.dll
0x00007ff969440000 - 0x00007ff969483000 	D:\Vivado\Vivado\2019.1\lib\win64.o\librdi_noc_frameworks.dll
0x00007ff9312e0000 - 0x00007ff9313a2000 	D:\Vivado\Vivado\2019.1\lib\win64.o\librdi_ipconfig_readwrite.dll
0x00007ff9313b0000 - 0x00007ff931522000 	D:\Vivado\Vivado\2019.1\lib\win64.o\librdi_advchipscopeimpl.dll
0x00007ff931530000 - 0x00007ff9316cf000 	D:\Vivado\Vivado\2019.1\lib\win64.o\librdi_hip_devdesign.dll
0x00007ff9306f0000 - 0x00007ff93078e000 	D:\Vivado\Vivado\2019.1\lib\win64.o\libise.dll
0x00007ff930790000 - 0x00007ff9312d7000 	D:\Vivado\Vivado\2019.1\lib\win64.o\libverific.dll
0x00007ff98c4a0000 - 0x00007ff98c4e0000 	D:\Vivado\Vivado\2019.1\lib\win64.o\librdi_wavedata_SimpleApi.dll
0x00007ff9300f0000 - 0x00007ff9306ec000 	D:\Vivado\Vivado\2019.1\lib\win64.o\librdi_wavedata.dll

VM Arguments:
jvm_args: -Dsun.java2d.pmoffscreen=false -Dsun.java2d.xrender=false -Dsun.java2d.d3d=false -Dsun.awt.nopixfmt=true -Dsun.java2d.dpiaware=true -Dsun.java2d.uiScale.enabled=false -Xverify:none -Dswing.aatext=true -XX:-UsePerfData -Djdk.map.althashing.threshold=512 -XX:StringTableSize=4072 --add-opens=java.base/java.nio=ALL-UNNAMED --add-opens=java.desktop/sun.swing=ALL-UNNAMED --add-opens=java.desktop/javax.swing=ALL-UNNAMED --add-opens=java.desktop/javax.swing.tree=ALL-UNNAMED --add-opens=java.desktop/javax.swing.plaf.basic=ALL-UNNAMED --add-opens=java.desktop/javax.swing.plaf.synth=ALL-UNNAMED --add-opens=java.desktop/com.sun.awt=ALL-UNNAMED -XX:NewSize=60m -XX:MaxNewSize=60m -Xms128m -Xmx3072m -Xss5m 
java_command: <unknown>
java_class_path (initial): D:/Vivado/Vivado/2019.1\lib\classes\alloy.jar;D:/Vivado/Vivado/2019.1\lib\classes\autopilot.scelaborator.jar;D:/Vivado/Vivado/2019.1\lib\classes\autopilot.sourceprocessor.jar;D:/Vivado/Vivado/2019.1\lib\classes\autopilot.tbprocessor.jar;D:/Vivado/Vivado/2019.1\lib\classes\batik-anim.jar;D:/Vivado/Vivado/2019.1\lib\classes\batik-awt-util.jar;D:/Vivado/Vivado/2019.1\lib\classes\batik-bridge.jar;D:/Vivado/Vivado/2019.1\lib\classes\batik-codec.jar;D:/Vivado/Vivado/2019.1\lib\classes\batik-css.jar;D:/Vivado/Vivado/2019.1\lib\classes\batik-dom.jar;D:/Vivado/Vivado/2019.1\lib\classes\batik-ext.jar;D:/Vivado/Vivado/2019.1\lib\classes\batik-gui-util.jar;D:/Vivado/Vivado/2019.1\lib\classes\batik-gvt.jar;D:/Vivado/Vivado/2019.1\lib\classes\batik-parser.jar;D:/Vivado/Vivado/2019.1\lib\classes\batik-script.jar;D:/Vivado/Vivado/2019.1\lib\classes\batik-svg-dom.jar;D:/Vivado/Vivado/2019.1\lib\classes\batik-swing.jar;D:/Vivado/Vivado/2019.1\lib\classes\batik-transcoder.jar;D:/Vivado/Vivado/2019.1\lib\classes\batik-util.jar;D:/Vivado/Vivado/2019.1\lib\classes\batik-xml.jar;D:/Vivado/Vivado/2019.1\lib\classes\com.google.gson_2.7.0.v20170129-0911.jar;D:/Vivado/Vivado/2019.1\lib\classes\com.google.guava_21.0.0.v20170206-1425.jar;D:/Vivado/Vivado/2019.1\lib\classes\com.google.inject_3.0.0.v201605172100.jar;D:/Vivado/Vivado/2019.1\lib\classes\com.ibm.icu_4.4.2.v20110208.jar;D:/Vivado/Vivado/2019.1\lib\classes\com.sigasi.hdt.annotations.runtime_4.3.0.201903071210.jar;D:/Vivado/Vivado/2019.1\lib\classes\com.sigasi.hdt.blockdiagram.model_4.3.0.201903071210.jar;D:/Vivado/Vivado/2019.1\lib\classes\com.sigasi.hdt.connection_4.3.0.201903071210.jar;D:/Vivado/Vivado/2019.1\lib\classes\com.sigasi.hdt.dependencies.model_4.3.0.201903071210.jar;D:/Vivado/Vivado/2019.1\lib\classes\com.sigasi.hdt.epl_4.3.0.201903071210.jar;D:/Vivado/Vivado/2019.1\lib\classes\com.sigasi.hdt.graphics.model_4.3.0.201903071210.jar;D:/Vivado/Vivado/2019.1\lib\classes\com.sigasi.hdt.project_4.3.0
Launcher Type: generic

Logging:
Log output configuration:
#0: stdout all=warning uptime,level,tags
#1: stderr all=off uptime,level,tags

Environment Variables:
JAVA_HOME=D:\ProgramFiles\JavaJDK\jdk-11.0.6_64bit
CLASSPATH=.;D:\ProgramFiles\JavaJDK\jdk-11.0.6_64bit\lib\dt.jar;D:\ProgramFiles\JavaJDK\jdk-11.0.6_64bit\lib\tools.jar;D:\Program Files\Lingo\Lingo9_0.jar
PATH=D:/Vivado/Vivado/2019.1/bin;D:/Vivado/Vivado/2019.1/lib/win64.o;D:/Vivado/Vivado/2019.1/tps/win64/jre9.0.4/bin/server;D:/Vivado/Vivado/2019.1/tps/win64/jre9.0.4/bin;D:/Vivado/Vivado/2019.1/ids_lite/ISE/bin/nt64;D:/Vivado/Vivado/2019.1/ids_lite/ISE/lib/nt64;D:\Program Files\VMware\bin\;D:\Program Files\XShell\;C:\Program Files (x86)\Intel\Intel(R) Management Engine Components\iCLS\;C:\Program Files\Intel\Intel(R) Management Engine Components\iCLS\;C:\windows\system32;C:\windows;C:\windows\System32\Wbem;C:\windows\System32\WindowsPowerShell\v1.0\;C:\Program Files (x86)\Intel\Intel(R) Management Engine Components\DAL;C:\Program Files\Intel\Intel(R) Management Engine Components\DAL;C:\Program Files (x86)\Intel\Intel(R) Management Engine Components\IPT;C:\Program Files\Intel\Intel(R) Management Engine Components\IPT;C:\Program Files (x86)\NVIDIA Corporation\PhysX\Common;C:\WINDOWS\System32\OpenSSH\;C:\Program Files\NVIDIA Corporation\NVIDIA NvDLISR;C:\Program Files\Intel\WiFi\bin\;C:\Program Files\Common Files\Intel\WirelessCommon\;D:\Program Files\Matlab\Matlab\runtime\win64;D:\Program Files\Matlab\Matlab\bin;D:\ProgramFiles\JavaJDK\jdk-11.0.6_64bit\bin;D:\Program Files\Lingo\;C:\Users\ÍõÞÈ³¬\AppData\Local\Programs\Python\Python37-32\Scripts\;C:\Users\ÍõÞÈ³¬\AppData\Local\Programs\Python\Python37-32\;C:\Users\ÍõÞÈ³¬\AppData\Local\Microsoft\WindowsApps;D:\Program Files\mingw64\bin;D:\Program Files\JetBrains\CLion 2019.2.5\bin;;D:\Program Files\VSCode\Microsoft VS Code\bin;D:\hadoop-2.7.1\bin;D:\ProgramFiles\Maven\apache-maven-3.6.3\bin;D:/Vivado/Vivado/2019.1\tps\mingw\6.2.0\win64.o\nt\bin;D:/Vivado/Vivado/2019.1\tps\mingw\6.2.0\win64.o\nt\libexec\gcc\x86_64-w64-mingw32\6.2.0;D:/Vivado/Vivado/2019.1\tps\win64\python-2.7.5;D:/Vivado/Vivado/2019.1\tps\win64\python-2.7.5\lib;D:/Vivado/Vivado/2019.1\tps\win64\python-2.7.5\Lib\lib-tk;D:/Vivado/Vivado/2019.1\tps\win64\python-2.7.5\lib\site-packages
USERNAME=YiChao
OS=Windows_NT
PROCESSOR_IDENTIFIER=Intel64 Family 6 Model 158 Stepping 10, GenuineIntel



---------------  S Y S T E M  ---------------

OS: Windows 10 , 64 bit Build 17134 (10.0.17134.753)

CPU:total 8 (initial active 8) (4 cores per cpu, 2 threads per core) family 6 model 158 stepping 10, cmov, cx8, fxsr, mmx, sse, sse2, sse3, ssse3, sse4.1, sse4.2, popcnt, avx, avx2, aes, clmul, erms, 3dnowpref, lzcnt, ht, tsc, tscinvbit, bmi1, bmi2, adx, fma

Memory: 4k page, physical 8275192k(3509408k free), swap 16467192k(7830844k free)

vm_info: Java HotSpot(TM) 64-Bit Server VM (9.0.4+11) for windows-amd64 JRE (9.0.4+11), built on Dec 20 2017 02:18:54 by "mach5one" with MS VC++ 12.0 (VS2013)

END.
