#-----------------------------------------------------------
# Vivado v2019.1 (64-bit)
# SW Build 2552052 on Fri May 24 14:49:42 MDT 2019
# IP Build 2548770 on Fri May 24 18:01:18 MDT 2019
# Start of session at: Mon Dec 28 09:11:48 2020
# Process ID: 2228
# Current directory: C:/Users/Administrator/Desktop/DESIGN/lab_5
# Command line: vivado.exe -gui_launcher_event rodinguilauncherevent6264 C:\Users\Administrator\Desktop\DESIGN\lab_5\lab_5.xpr
# Log file: C:/Users/Administrator/Desktop/DESIGN/lab_5/vivado.log
# Journal file: C:/Users/Administrator/Desktop/DESIGN/lab_5\vivado.jou
#-----------------------------------------------------------
start_gui
open_project C:/Users/Administrator/Desktop/DESIGN/lab_5/lab_5.xpr
INFO: [Project 1-313] Project file moved from 'D:/Verilog/lab_5' since last save.
Scanning sources...
Finished scanning sources
INFO: [IP_Flow 19-234] Refreshing IP repositories
INFO: [IP_Flow 19-1704] No user IP repositories specified
INFO: [IP_Flow 19-2313] Loaded Vivado IP repository 'D:/Xlinx/Vivado/2019.1/data/ip'.
WARNING: [IP_Flow 19-2162] IP 'inst_mem' is locked:
* IP 'inst_mem' shares a common output directory with other IP. It is recommended that each IP be placed in its own directory.
WARNING: [IP_Flow 19-2162] IP 'data_mem' is locked:
* IP 'data_mem' shares a common output directory with other IP. It is recommended that each IP be placed in its own directory.
open_project: Time (s): cpu = 00:00:12 ; elapsed = 00:00:06 . Memory (MB): peak = 736.906 ; gain = 120.438
update_compile_order -fileset sources_1
report_ip_status -name ip_status 
WARNING: [IP_Flow 19-4067] Ignoring invalid widget type specified checkbox.Providing a default widget
WARNING: [IP_Flow 19-4067] Ignoring invalid widget type specified checkbox.Providing a default widget
WARNING: [IP_Flow 19-4067] Ignoring invalid widget type specified checkbox.Providing a default widget
WARNING: [IP_Flow 19-4067] Ignoring invalid widget type specified checkbox.Providing a default widget
WARNING: [filemgmt 56-199] Attempt to get parsing info during refresh. "On-the-fly" syntax checking information may be incorrect. [C:/Users/Administrator/Desktop/DESIGN/lab_5/lab_5.srcs/sources_1/new/controller.v:]
WARNING: [filemgmt 56-199] Attempt to get parsing info during refresh. "On-the-fly" syntax checking information may be incorrect. [c:/Users/Administrator/Desktop/DESIGN/lab_5/lab_5.srcs/sources_1/ip/inst_mem/synth/inst_mem.vhd:]
