#-----------------------------------------------------------
# Vivado v2019.1 (64-bit)
# SW Build 2552052 on Fri May 24 14:49:42 MDT 2019
# IP Build 2548770 on Fri May 24 18:01:18 MDT 2019
# Start of session at: Tue Dec 29 14:49:41 2020
# Process ID: 404
# Current directory: C:/Users/Administrator/Desktop/littleExam/turbo-octo-computing-machine/lab_5
# Command line: vivado.exe -gui_launcher_event rodinguilauncherevent412 C:\Users\Administrator\Desktop\littleExam\turbo-octo-computing-machine\lab_5\lab_5.xpr
# Log file: C:/Users/Administrator/Desktop/littleExam/turbo-octo-computing-machine/lab_5/vivado.log
# Journal file: C:/Users/Administrator/Desktop/littleExam/turbo-octo-computing-machine/lab_5\vivado.jou
#-----------------------------------------------------------
start_gui
open_project C:/Users/Administrator/Desktop/littleExam/turbo-octo-computing-machine/lab_5/lab_5.xpr
INFO: [Project 1-313] Project file moved from 'D:/Verilog/turbo-octo-computing-machine/lab_5' since last save.
CRITICAL WARNING: [Project 1-311] Could not find the file 'C:/Users/Administrator/Desktop/littleExam/turbo-octo-computing-machine/lab_5/coe/logic_test/inst_ram.coe', nor could it be found using path 'D:/Verilog/turbo-octo-computing-machine/lab_5/coe/logic_test/inst_ram.coe'.
CRITICAL WARNING: [Project 1-311] Could not find the file 'C:/Users/Administrator/Desktop/littleExam/turbo-octo-computing-machine/lab_5/coe/logic_test/data_ram.coe', nor could it be found using path 'D:/Verilog/turbo-octo-computing-machine/lab_5/coe/logic_test/data_ram.coe'.
Scanning sources...
Finished scanning sources
INFO: [IP_Flow 19-234] Refreshing IP repositories
INFO: [IP_Flow 19-1704] No user IP repositories specified
INFO: [IP_Flow 19-2313] Loaded Vivado IP repository 'D:/Xlinx/Vivado/2019.1/data/ip'.
WARNING: [IP_Flow 19-3664] IP 'data_mem' generated file not found 'c:/Users/Administrator/Desktop/littleExam/turbo-octo-computing-machine/lab_5/lab_5.srcs/sources_1/ip/data_mem/data_mem.mif'. Please regenerate to continue.
WARNING: [IP_Flow 19-3664] IP 'data_mem' generated file not found 'c:/Users/Administrator/Desktop/littleExam/turbo-octo-computing-machine/lab_5/lab_5.srcs/sources_1/ip/data_mem/data_mem.mif'. Please regenerate to continue.
update_compile_order -fileset sources_1
WARNING: [IP_Flow 19-4067] Ignoring invalid widget type specified checkbox.Providing a default widget
WARNING: [IP_Flow 19-4067] Ignoring invalid widget type specified checkbox.Providing a default widget
WARNING: [IP_Flow 19-4067] Ignoring invalid widget type specified checkbox.Providing a default widget
WARNING: [IP_Flow 19-4067] Ignoring invalid widget type specified checkbox.Providing a default widget
WARNING: [IP_Flow 19-4067] Ignoring invalid widget type specified checkbox.Providing a default widget
WARNING: [IP_Flow 19-4067] Ignoring invalid widget type specified checkbox.Providing a default widget
update_compile_order -fileset sources_1
update_compile_order -fileset sources_1
exit
INFO: [Common 17-206] Exiting Vivado at Tue Dec 29 15:22:25 2020...
