#-----------------------------------------------------------
# Vivado v2019.1 (64-bit)
# SW Build 2552052 on Fri May 24 14:49:42 MDT 2019
# IP Build 2548770 on Fri May 24 18:01:18 MDT 2019
# Start of session at: Sun Nov 22 20:52:58 2020
# Process ID: 4928
# Current directory: D:/Verilog/lab_5
# Command line: vivado.exe -gui_launcher_event rodinguilauncherevent14872 D:\Verilog\lab_5\lab_5.xpr
# Log file: D:/Verilog/lab_5/vivado.log
# Journal file: D:/Verilog/lab_5\vivado.jou
#-----------------------------------------------------------
start_gui
open_project D:/Verilog/lab_5/lab_5.xpr
Scanning sources...
Finished scanning sources
INFO: [IP_Flow 19-234] Refreshing IP repositories
INFO: [IP_Flow 19-1704] No user IP repositories specified
INFO: [IP_Flow 19-2313] Loaded Vivado IP repository 'D:/Vivado/Vivado/2019.1/data/ip'.
open_project: Time (s): cpu = 00:00:12 ; elapsed = 00:00:28 . Memory (MB): peak = 662.844 ; gain = 72.613
update_compile_order -fileset sources_1
launch_simulation
INFO: [Vivado 12-5698] Checking validity of IPs in the design for the 'XSim' simulator...
INFO: [Vivado 12-5682] Launching behavioral simulation in 'D:/Verilog/lab_5/lab_5.sim/sim_1/behav/xsim'
INFO: [Vivado 12-4795] Using compiled simulation libraries for IPs
INFO: [SIM-utils-51] Simulation object is 'sim_1'
INFO: [USF-XSim-7] Finding pre-compiled libraries...
INFO: [USF-XSim-11] File 'D:/Vivado/Vivado/2019.1/data/xsim/xsim.ini' copied to run dir:'D:/Verilog/lab_5/lab_5.sim/sim_1/behav/xsim'
INFO: [SIM-utils-54] Inspecting design source files for 'top_sim' in fileset 'sim_1'...
INFO: [SIM-utils-43] Exported 'D:/Verilog/lab_5/lab_5.sim/sim_1/behav/xsim/inst_mem.mif'
INFO: [SIM-utils-43] Exported 'D:/Verilog/lab_5/lab_5.sim/sim_1/behav/xsim/mipstest.coe'
INFO: [USF-XSim-97] Finding global include files...
INFO: [USF-XSim-98] Fetching design files from 'sim_1'...
INFO: [USF-XSim-2] XSim::Compile design
INFO: [USF-XSim-61] Executing 'COMPILE and ANALYZE' step in 'D:/Verilog/lab_5/lab_5.sim/sim_1/behav/xsim'
"xvlog --incr --relax -prj top_sim_vlog.prj"
INFO: [USF-XSim-69] 'compile' step finished in '3' seconds
INFO: [USF-XSim-3] XSim::Elaborate design
INFO: [USF-XSim-61] Executing 'ELABORATE' step in 'D:/Verilog/lab_5/lab_5.sim/sim_1/behav/xsim'
"xelab -wto 03be9a2fdf514b98a3615ab709206c61 --incr --debug typical --relax --mt 2 -L blk_mem_gen_v8_4_3 -L xil_defaultlib -L unisims_ver -L unimacro_ver -L secureip -L xpm --snapshot top_sim_behav xil_defaultlib.top_sim xil_defaultlib.glbl -log elaborate.log"
Vivado Simulator 2019.1
Copyright 1986-1999, 2001-2019 Xilinx, Inc. All Rights Reserved.
Running: D:/Vivado/Vivado/2019.1/bin/unwrapped/win64.o/xelab.exe -wto 03be9a2fdf514b98a3615ab709206c61 --incr --debug typical --relax --mt 2 -L blk_mem_gen_v8_4_3 -L xil_defaultlib -L unisims_ver -L unimacro_ver -L secureip -L xpm --snapshot top_sim_behav xil_defaultlib.top_sim xil_defaultlib.glbl -log elaborate.log 
Using 2 slave threads.
Starting static elaboration
WARNING: [VRFC 10-3091] actual bit length 32 differs from formal bit length 11 for port 'addra' [D:/Verilog/lab_5/lab_5.srcs/sources_1/new/top.v:24]
Completed static elaboration
INFO: [XSIM 43-4323] No Change in HDL. Linking previously generated obj files to create kernel
INFO: [USF-XSim-69] 'elaborate' step finished in '4' seconds
INFO: [USF-XSim-4] XSim::Simulate design
INFO: [USF-XSim-61] Executing 'SIMULATE' step in 'D:/Verilog/lab_5/lab_5.sim/sim_1/behav/xsim'
INFO: [USF-XSim-98] *** Running xsim
   with args "top_sim_behav -key {Behavioral:sim_1:Functional:top_sim} -tclbatch {top_sim.tcl} -log {simulate.log}"
INFO: [USF-XSim-8] Loading simulator feature
Vivado Simulator 2019.1
Time resolution is 1 ps
source top_sim.tcl
# set curr_wave [current_wave_config]
# if { [string length $curr_wave] == 0 } {
#   if { [llength [get_objects]] > 0} {
#     add_wave /
#     set_property needs_save false [current_wave_config]
#   } else {
#      send_msg_id Add_Wave-1 WARNING "No top level signals found. Simulator will start without a wave window. If you want to open a wave window go to 'File->New Waveform Configuration' or type 'create_wave_config' in the TCL console."
#   }
# }
# run 1000ns
 Block Memory Generator module loading initial data...
 Block Memory Generator data initialization complete.
Block Memory Generator module top_sim.dut.inst_mem.inst.native_mem_mapped_module.blk_mem_gen_v8_4_3_inst is using a behavioral model for simulation which will not precisely model memory collision behavior.
Block Memory Generator module top_sim.dut.data_mem.inst.native_mem_module.blk_mem_gen_v8_4_3_inst is using a behavioral model for simulation which will not precisely model memory collision behavior.
---------------Simulation succeeded---------------
$stop called at time : 690 ns : File "D:/Verilog/lab_5/lab_5.srcs/sim_1/new/top_sim.v" Line 31
xsim: Time (s): cpu = 00:00:08 ; elapsed = 00:00:06 . Memory (MB): peak = 697.879 ; gain = 11.414
INFO: [USF-XSim-96] XSim completed. Design snapshot 'top_sim_behav' loaded.
INFO: [USF-XSim-97] XSim simulation ran for 1000ns
launch_simulation: Time (s): cpu = 00:00:11 ; elapsed = 00:00:17 . Memory (MB): peak = 697.879 ; gain = 25.207
current_wave_config {Untitled 1}
Untitled 1
add_wave {{/top_sim/dut/mips/dp/pcadder}} 
current_wave_config {Untitled 1}
Untitled 1
add_wave {{/top_sim/dut/mips/dp/pretakeadder}} 
relaunch_sim
INFO: [Vivado 12-5698] Checking validity of IPs in the design for the 'XSim' simulator...
INFO: [Vivado 12-5682] Launching behavioral simulation in 'D:/Verilog/lab_5/lab_5.sim/sim_1/behav/xsim'
INFO: [Vivado 12-4795] Using compiled simulation libraries for IPs
INFO: [SIM-utils-51] Simulation object is 'sim_1'
INFO: [USF-XSim-7] Finding pre-compiled libraries...
INFO: [USF-XSim-11] File 'D:/Vivado/Vivado/2019.1/data/xsim/xsim.ini' copied to run dir:'D:/Verilog/lab_5/lab_5.sim/sim_1/behav/xsim'
INFO: [SIM-utils-54] Inspecting design source files for 'top_sim' in fileset 'sim_1'...
INFO: [SIM-utils-43] Exported 'D:/Verilog/lab_5/lab_5.sim/sim_1/behav/xsim/inst_mem.mif'
INFO: [SIM-utils-43] Exported 'D:/Verilog/lab_5/lab_5.sim/sim_1/behav/xsim/mipstest.coe'
INFO: [USF-XSim-97] Finding global include files...
INFO: [USF-XSim-98] Fetching design files from 'sim_1'...
INFO: [USF-XSim-2] XSim::Compile design
INFO: [USF-XSim-61] Executing 'COMPILE and ANALYZE' step in 'D:/Verilog/lab_5/lab_5.sim/sim_1/behav/xsim'
"xvlog --incr --relax -prj top_sim_vlog.prj"
INFO: [USF-XSim-69] 'compile' step finished in '2' seconds
INFO: [Vivado 12-5698] Checking validity of IPs in the design for the 'XSim' simulator...
INFO: [Vivado 12-5682] Launching behavioral simulation in 'D:/Verilog/lab_5/lab_5.sim/sim_1/behav/xsim'
INFO: [Vivado 12-4795] Using compiled simulation libraries for IPs
INFO: [USF-XSim-3] XSim::Elaborate design
INFO: [USF-XSim-61] Executing 'ELABORATE' step in 'D:/Verilog/lab_5/lab_5.sim/sim_1/behav/xsim'
"xelab -wto 03be9a2fdf514b98a3615ab709206c61 --incr --debug typical --relax --mt 2 -L blk_mem_gen_v8_4_3 -L xil_defaultlib -L unisims_ver -L unimacro_ver -L secureip -L xpm --snapshot top_sim_behav xil_defaultlib.top_sim xil_defaultlib.glbl -log elaborate.log"
Vivado Simulator 2019.1
Copyright 1986-1999, 2001-2019 Xilinx, Inc. All Rights Reserved.
Running: D:/Vivado/Vivado/2019.1/bin/unwrapped/win64.o/xelab.exe -wto 03be9a2fdf514b98a3615ab709206c61 --incr --debug typical --relax --mt 2 -L blk_mem_gen_v8_4_3 -L xil_defaultlib -L unisims_ver -L unimacro_ver -L secureip -L xpm --snapshot top_sim_behav xil_defaultlib.top_sim xil_defaultlib.glbl -log elaborate.log 
Using 2 slave threads.
Starting static elaboration
WARNING: [VRFC 10-3091] actual bit length 32 differs from formal bit length 11 for port 'addra' [D:/Verilog/lab_5/lab_5.srcs/sources_1/new/top.v:24]
Completed static elaboration
INFO: [XSIM 43-4323] No Change in HDL. Linking previously generated obj files to create kernel
INFO: [USF-XSim-69] 'elaborate' step finished in '2' seconds
Vivado Simulator 2019.1
Time resolution is 1 ps
 Block Memory Generator module loading initial data...
 Block Memory Generator data initialization complete.
Block Memory Generator module top_sim.dut.inst_mem.inst.native_mem_mapped_module.blk_mem_gen_v8_4_3_inst is using a behavioral model for simulation which will not precisely model memory collision behavior.
Block Memory Generator module top_sim.dut.data_mem.inst.native_mem_module.blk_mem_gen_v8_4_3_inst is using a behavioral model for simulation which will not precisely model memory collision behavior.
---------------Simulation succeeded---------------
$stop called at time : 690 ns : File "D:/Verilog/lab_5/lab_5.srcs/sim_1/new/top_sim.v" Line 31
relaunch_sim: Time (s): cpu = 00:00:01 ; elapsed = 00:00:08 . Memory (MB): peak = 731.148 ; gain = 0.000
current_wave_config {Untitled 1}
Untitled 1
add_wave {{/top_sim/dut/mips/dp/pretakeadder}} 
current_wave_config {Untitled 1}
Untitled 1
add_wave {{/top_sim/dut/mips/dp/branchadder}} 
relaunch_sim
INFO: [Vivado 12-5698] Checking validity of IPs in the design for the 'XSim' simulator...
INFO: [Vivado 12-5682] Launching behavioral simulation in 'D:/Verilog/lab_5/lab_5.sim/sim_1/behav/xsim'
INFO: [Vivado 12-4795] Using compiled simulation libraries for IPs
INFO: [SIM-utils-51] Simulation object is 'sim_1'
INFO: [USF-XSim-7] Finding pre-compiled libraries...
INFO: [USF-XSim-11] File 'D:/Vivado/Vivado/2019.1/data/xsim/xsim.ini' copied to run dir:'D:/Verilog/lab_5/lab_5.sim/sim_1/behav/xsim'
INFO: [SIM-utils-54] Inspecting design source files for 'top_sim' in fileset 'sim_1'...
INFO: [SIM-utils-43] Exported 'D:/Verilog/lab_5/lab_5.sim/sim_1/behav/xsim/inst_mem.mif'
INFO: [SIM-utils-43] Exported 'D:/Verilog/lab_5/lab_5.sim/sim_1/behav/xsim/mipstest.coe'
INFO: [USF-XSim-97] Finding global include files...
INFO: [USF-XSim-98] Fetching design files from 'sim_1'...
INFO: [USF-XSim-2] XSim::Compile design
INFO: [USF-XSim-61] Executing 'COMPILE and ANALYZE' step in 'D:/Verilog/lab_5/lab_5.sim/sim_1/behav/xsim'
"xvlog --incr --relax -prj top_sim_vlog.prj"
INFO: [USF-XSim-69] 'compile' step finished in '2' seconds
INFO: [Vivado 12-5698] Checking validity of IPs in the design for the 'XSim' simulator...
INFO: [Vivado 12-5682] Launching behavioral simulation in 'D:/Verilog/lab_5/lab_5.sim/sim_1/behav/xsim'
INFO: [Vivado 12-4795] Using compiled simulation libraries for IPs
INFO: [USF-XSim-3] XSim::Elaborate design
INFO: [USF-XSim-61] Executing 'ELABORATE' step in 'D:/Verilog/lab_5/lab_5.sim/sim_1/behav/xsim'
"xelab -wto 03be9a2fdf514b98a3615ab709206c61 --incr --debug typical --relax --mt 2 -L blk_mem_gen_v8_4_3 -L xil_defaultlib -L unisims_ver -L unimacro_ver -L secureip -L xpm --snapshot top_sim_behav xil_defaultlib.top_sim xil_defaultlib.glbl -log elaborate.log"
Vivado Simulator 2019.1
Copyright 1986-1999, 2001-2019 Xilinx, Inc. All Rights Reserved.
Running: D:/Vivado/Vivado/2019.1/bin/unwrapped/win64.o/xelab.exe -wto 03be9a2fdf514b98a3615ab709206c61 --incr --debug typical --relax --mt 2 -L blk_mem_gen_v8_4_3 -L xil_defaultlib -L unisims_ver -L unimacro_ver -L secureip -L xpm --snapshot top_sim_behav xil_defaultlib.top_sim xil_defaultlib.glbl -log elaborate.log 
Using 2 slave threads.
Starting static elaboration
WARNING: [VRFC 10-3091] actual bit length 32 differs from formal bit length 11 for port 'addra' [D:/Verilog/lab_5/lab_5.srcs/sources_1/new/top.v:24]
Completed static elaboration
INFO: [XSIM 43-4323] No Change in HDL. Linking previously generated obj files to create kernel
INFO: [USF-XSim-69] 'elaborate' step finished in '2' seconds
Vivado Simulator 2019.1
Time resolution is 1 ps
 Block Memory Generator module loading initial data...
 Block Memory Generator data initialization complete.
Block Memory Generator module top_sim.dut.inst_mem.inst.native_mem_mapped_module.blk_mem_gen_v8_4_3_inst is using a behavioral model for simulation which will not precisely model memory collision behavior.
Block Memory Generator module top_sim.dut.data_mem.inst.native_mem_module.blk_mem_gen_v8_4_3_inst is using a behavioral model for simulation which will not precisely model memory collision behavior.
---------------Simulation succeeded---------------
$stop called at time : 690 ns : File "D:/Verilog/lab_5/lab_5.srcs/sim_1/new/top_sim.v" Line 31
relaunch_sim: Time (s): cpu = 00:00:01 ; elapsed = 00:00:08 . Memory (MB): peak = 779.242 ; gain = 0.789
close_sim
INFO: [Simtcl 6-16] Simulation closed
launch_simulation
INFO: [Vivado 12-5698] Checking validity of IPs in the design for the 'XSim' simulator...
INFO: [Vivado 12-5682] Launching behavioral simulation in 'D:/Verilog/lab_5/lab_5.sim/sim_1/behav/xsim'
INFO: [Vivado 12-4795] Using compiled simulation libraries for IPs
INFO: [SIM-utils-51] Simulation object is 'sim_1'
INFO: [USF-XSim-7] Finding pre-compiled libraries...
INFO: [USF-XSim-11] File 'D:/Vivado/Vivado/2019.1/data/xsim/xsim.ini' copied to run dir:'D:/Verilog/lab_5/lab_5.sim/sim_1/behav/xsim'
INFO: [SIM-utils-54] Inspecting design source files for 'top_sim' in fileset 'sim_1'...
INFO: [SIM-utils-43] Exported 'D:/Verilog/lab_5/lab_5.sim/sim_1/behav/xsim/inst_mem.mif'
INFO: [SIM-utils-43] Exported 'D:/Verilog/lab_5/lab_5.sim/sim_1/behav/xsim/mipstest.coe'
INFO: [USF-XSim-97] Finding global include files...
INFO: [USF-XSim-98] Fetching design files from 'sim_1'...
INFO: [USF-XSim-2] XSim::Compile design
INFO: [USF-XSim-61] Executing 'COMPILE and ANALYZE' step in 'D:/Verilog/lab_5/lab_5.sim/sim_1/behav/xsim'
"xvlog --incr --relax -prj top_sim_vlog.prj"
INFO: [VRFC 10-2263] Analyzing Verilog file "D:/Verilog/lab_5/lab_5.srcs/sources_1/ip/data_mem/sim/data_mem.v" into library xil_defaultlib
INFO: [VRFC 10-311] analyzing module data_mem
INFO: [VRFC 10-2263] Analyzing Verilog file "D:/Verilog/lab_5/lab_5.srcs/sources_1/ip/inst_mem/sim/inst_mem.v" into library xil_defaultlib
INFO: [VRFC 10-311] analyzing module inst_mem
INFO: [VRFC 10-2263] Analyzing Verilog file "D:/Verilog/lab_5/lab_5.srcs/sources_1/new/adder.v" into library xil_defaultlib
INFO: [VRFC 10-311] analyzing module adder
INFO: [VRFC 10-2263] Analyzing Verilog file "D:/Verilog/lab_5/lab_5.srcs/sources_1/new/alu.v" into library xil_defaultlib
INFO: [VRFC 10-311] analyzing module alu
INFO: [VRFC 10-2263] Analyzing Verilog file "D:/Verilog/lab_5/lab_5.srcs/sources_1/new/branch_predict.v" into library xil_defaultlib
INFO: [VRFC 10-311] analyzing module branch_predict
INFO: [VRFC 10-2263] Analyzing Verilog file "D:/Verilog/lab_5/lab_5.srcs/sources_1/new/controller.v" into library xil_defaultlib
INFO: [VRFC 10-311] analyzing module main_dec
INFO: [VRFC 10-311] analyzing module alu_dec
INFO: [VRFC 10-311] analyzing module controller
INFO: [VRFC 10-2263] Analyzing Verilog file "D:/Verilog/lab_5/lab_5.srcs/sources_1/new/datapath.v" into library xil_defaultlib
INFO: [VRFC 10-311] analyzing module datapath
INFO: [VRFC 10-2263] Analyzing Verilog file "D:/Verilog/lab_5/lab_5.srcs/sources_1/new/flopenrc.v" into library xil_defaultlib
INFO: [VRFC 10-311] analyzing module flopenrc
INFO: [VRFC 10-2263] Analyzing Verilog file "D:/Verilog/lab_5/lab_5.srcs/sources_1/new/flopr.v" into library xil_defaultlib
INFO: [VRFC 10-311] analyzing module flopr
INFO: [VRFC 10-2263] Analyzing Verilog file "D:/Verilog/lab_5/lab_5.srcs/sources_1/new/floprc.v" into library xil_defaultlib
INFO: [VRFC 10-311] analyzing module floprc
INFO: [VRFC 10-2263] Analyzing Verilog file "D:/Verilog/lab_5/lab_5.srcs/sources_1/new/hazard.v" into library xil_defaultlib
INFO: [VRFC 10-311] analyzing module hazard
INFO: [VRFC 10-2263] Analyzing Verilog file "D:/Verilog/lab_5/lab_5.srcs/sources_1/new/mips.v" into library xil_defaultlib
INFO: [VRFC 10-311] analyzing module mips
INFO: [VRFC 10-2263] Analyzing Verilog file "D:/Verilog/lab_5/lab_5.srcs/sources_1/new/mux2.v" into library xil_defaultlib
INFO: [VRFC 10-311] analyzing module mux2
INFO: [VRFC 10-2263] Analyzing Verilog file "D:/Verilog/lab_5/lab_5.srcs/sources_1/new/mux3.v" into library xil_defaultlib
INFO: [VRFC 10-311] analyzing module mux3
INFO: [VRFC 10-2263] Analyzing Verilog file "D:/Verilog/lab_5/lab_5.srcs/sources_1/new/mux4.v" into library xil_defaultlib
INFO: [VRFC 10-311] analyzing module mux4
INFO: [VRFC 10-2263] Analyzing Verilog file "D:/Verilog/lab_5/lab_5.srcs/sources_1/new/pc.v" into library xil_defaultlib
INFO: [VRFC 10-311] analyzing module pc
INFO: [VRFC 10-2263] Analyzing Verilog file "D:/Verilog/lab_5/lab_5.srcs/sources_1/new/regfile.v" into library xil_defaultlib
INFO: [VRFC 10-311] analyzing module regfile
INFO: [VRFC 10-2263] Analyzing Verilog file "D:/Verilog/lab_5/lab_5.srcs/sources_1/new/signext.v" into library xil_defaultlib
INFO: [VRFC 10-311] analyzing module signext
INFO: [VRFC 10-2263] Analyzing Verilog file "D:/Verilog/lab_5/lab_5.srcs/sources_1/new/sl2.v" into library xil_defaultlib
INFO: [VRFC 10-311] analyzing module sl2
INFO: [VRFC 10-2263] Analyzing Verilog file "D:/Verilog/lab_5/lab_5.srcs/sources_1/new/top.v" into library xil_defaultlib
INFO: [VRFC 10-311] analyzing module top
INFO: [VRFC 10-2263] Analyzing Verilog file "D:/Verilog/lab_5/lab_5.srcs/sim_1/new/top_sim.v" into library xil_defaultlib
INFO: [VRFC 10-311] analyzing module top_sim
INFO: [USF-XSim-69] 'compile' step finished in '2' seconds
INFO: [USF-XSim-3] XSim::Elaborate design
INFO: [USF-XSim-61] Executing 'ELABORATE' step in 'D:/Verilog/lab_5/lab_5.sim/sim_1/behav/xsim'
"xelab -wto 03be9a2fdf514b98a3615ab709206c61 --incr --debug typical --relax --mt 2 -L blk_mem_gen_v8_4_3 -L xil_defaultlib -L unisims_ver -L unimacro_ver -L secureip -L xpm --snapshot top_sim_behav xil_defaultlib.top_sim xil_defaultlib.glbl -log elaborate.log"
Vivado Simulator 2019.1
Copyright 1986-1999, 2001-2019 Xilinx, Inc. All Rights Reserved.
Running: D:/Vivado/Vivado/2019.1/bin/unwrapped/win64.o/xelab.exe -wto 03be9a2fdf514b98a3615ab709206c61 --incr --debug typical --relax --mt 2 -L blk_mem_gen_v8_4_3 -L xil_defaultlib -L unisims_ver -L unimacro_ver -L secureip -L xpm --snapshot top_sim_behav xil_defaultlib.top_sim xil_defaultlib.glbl -log elaborate.log 
Using 2 slave threads.
Starting static elaboration
WARNING: [VRFC 10-3091] actual bit length 32 differs from formal bit length 11 for port 'addra' [D:/Verilog/lab_5/lab_5.srcs/sources_1/new/top.v:24]
Completed static elaboration
Starting simulation data flow analysis
Completed simulation data flow analysis
Time Resolution for simulation is 1ps
Compiling module xil_defaultlib.main_dec
Compiling module xil_defaultlib.alu_dec
Compiling module xil_defaultlib.controller
Compiling module xil_defaultlib.mux4(WIDTH=32)
Compiling module xil_defaultlib.mux2(WIDTH=32)
Compiling module xil_defaultlib.branch_predict
Compiling module xil_defaultlib.pc(WIDTH=32)
Compiling module xil_defaultlib.adder
Compiling module xil_defaultlib.flopenrc(WIDTH=32)
Compiling module xil_defaultlib.regfile
Compiling module xil_defaultlib.signext
Compiling module xil_defaultlib.sl2
Compiling module xil_defaultlib.floprc(WIDTH=9)
Compiling module xil_defaultlib.floprc(WIDTH=32)
Compiling module xil_defaultlib.floprc(WIDTH=5)
Compiling module xil_defaultlib.floprc(WIDTH=1)
Compiling module xil_defaultlib.mux2(WIDTH=5)
Compiling module xil_defaultlib.mux3(WIDTH=32)
Compiling module xil_defaultlib.alu
Compiling module xil_defaultlib.flopr(WIDTH=5)
Compiling module xil_defaultlib.flopr(WIDTH=32)
Compiling module xil_defaultlib.flopr(WIDTH=1)
Compiling module xil_defaultlib.flopr(WIDTH=2)
Compiling module xil_defaultlib.hazard
Compiling module xil_defaultlib.datapath
Compiling module xil_defaultlib.mips
Compiling module blk_mem_gen_v8_4_3.blk_mem_gen_v8_4_3_output_stage(...
Compiling module blk_mem_gen_v8_4_3.blk_mem_gen_v8_4_3_softecc_outpu...
Compiling module blk_mem_gen_v8_4_3.blk_mem_gen_v8_4_3_mem_module(C_...
Compiling module blk_mem_gen_v8_4_3.blk_mem_gen_v8_4_3(C_FAMILY="art...
Compiling module xil_defaultlib.inst_mem
Compiling module blk_mem_gen_v8_4_3.blk_mem_gen_v8_4_3_output_stage(...
Compiling module blk_mem_gen_v8_4_3.blk_mem_gen_v8_4_3_output_stage(...
Compiling module blk_mem_gen_v8_4_3.blk_mem_gen_v8_4_3_softecc_outpu...
Compiling module blk_mem_gen_v8_4_3.blk_mem_gen_v8_4_3_mem_module(C_...
Compiling module blk_mem_gen_v8_4_3.blk_mem_gen_v8_4_3(C_FAMILY="art...
Compiling module xil_defaultlib.data_mem
Compiling module xil_defaultlib.top
Compiling module xil_defaultlib.top_sim
Compiling module xil_defaultlib.glbl
Built simulation snapshot top_sim_behav

****** Webtalk v2019.1 (64-bit)
  **** SW Build 2552052 on Fri May 24 14:49:42 MDT 2019
  **** IP Build 2548770 on Fri May 24 18:01:18 MDT 2019
    ** Copyright 1986-2019 Xilinx, Inc. All Rights Reserved.

source D:/Verilog/lab_5/lab_5.sim/sim_1/behav/xsim/xsim.dir/top_sim_behav/webtalk/xsim_webtalk.tcl -notrace
INFO: [Common 17-186] 'D:/Verilog/lab_5/lab_5.sim/sim_1/behav/xsim/xsim.dir/top_sim_behav/webtalk/usage_statistics_ext_xsim.xml' has been successfully sent to Xilinx on Sun Nov 22 21:12:16 2020. For additional details about this file, please refer to the WebTalk help file at D:/Vivado/Vivado/2019.1/doc/webtalk_introduction.html.
INFO: [Common 17-206] Exiting Webtalk at Sun Nov 22 21:12:16 2020...
run_program: Time (s): cpu = 00:00:01 ; elapsed = 00:00:11 . Memory (MB): peak = 795.988 ; gain = 0.000
INFO: [USF-XSim-69] 'elaborate' step finished in '12' seconds
INFO: [USF-XSim-4] XSim::Simulate design
INFO: [USF-XSim-61] Executing 'SIMULATE' step in 'D:/Verilog/lab_5/lab_5.sim/sim_1/behav/xsim'
INFO: [USF-XSim-98] *** Running xsim
   with args "top_sim_behav -key {Behavioral:sim_1:Functional:top_sim} -tclbatch {top_sim.tcl} -log {simulate.log}"
INFO: [USF-XSim-8] Loading simulator feature
Vivado Simulator 2019.1
Time resolution is 1 ps
source top_sim.tcl
# set curr_wave [current_wave_config]
# if { [string length $curr_wave] == 0 } {
#   if { [llength [get_objects]] > 0} {
#     add_wave /
#     set_property needs_save false [current_wave_config]
#   } else {
#      send_msg_id Add_Wave-1 WARNING "No top level signals found. Simulator will start without a wave window. If you want to open a wave window go to 'File->New Waveform Configuration' or type 'create_wave_config' in the TCL console."
#   }
# }
# run 1000ns
 Block Memory Generator module loading initial data...
 Block Memory Generator data initialization complete.
Block Memory Generator module top_sim.dut.inst_mem.inst.native_mem_mapped_module.blk_mem_gen_v8_4_3_inst is using a behavioral model for simulation which will not precisely model memory collision behavior.
Block Memory Generator module top_sim.dut.data_mem.inst.native_mem_module.blk_mem_gen_v8_4_3_inst is using a behavioral model for simulation which will not precisely model memory collision behavior.
---------------Simulation succeeded---------------
$stop called at time : 690 ns : File "D:/Verilog/lab_5/lab_5.srcs/sim_1/new/top_sim.v" Line 31
INFO: [USF-XSim-96] XSim completed. Design snapshot 'top_sim_behav' loaded.
INFO: [USF-XSim-97] XSim simulation ran for 1000ns
launch_simulation: Time (s): cpu = 00:00:03 ; elapsed = 00:00:17 . Memory (MB): peak = 795.988 ; gain = 0.000
current_wave_config {Untitled 2}
Untitled 2
add_wave {{/top_sim/dut/mips/dp/pretakeadder}} 
relaunch_sim
INFO: [Vivado 12-5698] Checking validity of IPs in the design for the 'XSim' simulator...
INFO: [Vivado 12-5682] Launching behavioral simulation in 'D:/Verilog/lab_5/lab_5.sim/sim_1/behav/xsim'
INFO: [Vivado 12-4795] Using compiled simulation libraries for IPs
INFO: [SIM-utils-51] Simulation object is 'sim_1'
INFO: [USF-XSim-7] Finding pre-compiled libraries...
INFO: [USF-XSim-11] File 'D:/Vivado/Vivado/2019.1/data/xsim/xsim.ini' copied to run dir:'D:/Verilog/lab_5/lab_5.sim/sim_1/behav/xsim'
INFO: [SIM-utils-54] Inspecting design source files for 'top_sim' in fileset 'sim_1'...
INFO: [SIM-utils-43] Exported 'D:/Verilog/lab_5/lab_5.sim/sim_1/behav/xsim/inst_mem.mif'
INFO: [SIM-utils-43] Exported 'D:/Verilog/lab_5/lab_5.sim/sim_1/behav/xsim/mipstest.coe'
INFO: [USF-XSim-97] Finding global include files...
INFO: [USF-XSim-98] Fetching design files from 'sim_1'...
INFO: [USF-XSim-2] XSim::Compile design
INFO: [USF-XSim-61] Executing 'COMPILE and ANALYZE' step in 'D:/Verilog/lab_5/lab_5.sim/sim_1/behav/xsim'
"xvlog --incr --relax -prj top_sim_vlog.prj"
INFO: [USF-XSim-69] 'compile' step finished in '2' seconds
INFO: [Vivado 12-5698] Checking validity of IPs in the design for the 'XSim' simulator...
INFO: [Vivado 12-5682] Launching behavioral simulation in 'D:/Verilog/lab_5/lab_5.sim/sim_1/behav/xsim'
INFO: [Vivado 12-4795] Using compiled simulation libraries for IPs
INFO: [USF-XSim-3] XSim::Elaborate design
INFO: [USF-XSim-61] Executing 'ELABORATE' step in 'D:/Verilog/lab_5/lab_5.sim/sim_1/behav/xsim'
"xelab -wto 03be9a2fdf514b98a3615ab709206c61 --incr --debug typical --relax --mt 2 -L blk_mem_gen_v8_4_3 -L xil_defaultlib -L unisims_ver -L unimacro_ver -L secureip -L xpm --snapshot top_sim_behav xil_defaultlib.top_sim xil_defaultlib.glbl -log elaborate.log"
Vivado Simulator 2019.1
Copyright 1986-1999, 2001-2019 Xilinx, Inc. All Rights Reserved.
Running: D:/Vivado/Vivado/2019.1/bin/unwrapped/win64.o/xelab.exe -wto 03be9a2fdf514b98a3615ab709206c61 --incr --debug typical --relax --mt 2 -L blk_mem_gen_v8_4_3 -L xil_defaultlib -L unisims_ver -L unimacro_ver -L secureip -L xpm --snapshot top_sim_behav xil_defaultlib.top_sim xil_defaultlib.glbl -log elaborate.log 
Using 2 slave threads.
Starting static elaboration
WARNING: [VRFC 10-3091] actual bit length 32 differs from formal bit length 11 for port 'addra' [D:/Verilog/lab_5/lab_5.srcs/sources_1/new/top.v:24]
Completed static elaboration
INFO: [XSIM 43-4323] No Change in HDL. Linking previously generated obj files to create kernel
INFO: [USF-XSim-69] 'elaborate' step finished in '2' seconds
Vivado Simulator 2019.1
Time resolution is 1 ps
 Block Memory Generator module loading initial data...
 Block Memory Generator data initialization complete.
Block Memory Generator module top_sim.dut.inst_mem.inst.native_mem_mapped_module.blk_mem_gen_v8_4_3_inst is using a behavioral model for simulation which will not precisely model memory collision behavior.
Block Memory Generator module top_sim.dut.data_mem.inst.native_mem_module.blk_mem_gen_v8_4_3_inst is using a behavioral model for simulation which will not precisely model memory collision behavior.
---------------Simulation succeeded---------------
$stop called at time : 690 ns : File "D:/Verilog/lab_5/lab_5.srcs/sim_1/new/top_sim.v" Line 31
relaunch_sim: Time (s): cpu = 00:00:02 ; elapsed = 00:00:08 . Memory (MB): peak = 795.988 ; gain = 0.000
current_wave_config {Untitled 2}
Untitled 2
add_wave {{/top_sim/dut/mips/dp/branchadder}} 
relaunch_sim
INFO: [Vivado 12-5698] Checking validity of IPs in the design for the 'XSim' simulator...
INFO: [Vivado 12-5682] Launching behavioral simulation in 'D:/Verilog/lab_5/lab_5.sim/sim_1/behav/xsim'
INFO: [Vivado 12-4795] Using compiled simulation libraries for IPs
INFO: [SIM-utils-51] Simulation object is 'sim_1'
INFO: [USF-XSim-7] Finding pre-compiled libraries...
INFO: [USF-XSim-11] File 'D:/Vivado/Vivado/2019.1/data/xsim/xsim.ini' copied to run dir:'D:/Verilog/lab_5/lab_5.sim/sim_1/behav/xsim'
INFO: [SIM-utils-54] Inspecting design source files for 'top_sim' in fileset 'sim_1'...
INFO: [SIM-utils-43] Exported 'D:/Verilog/lab_5/lab_5.sim/sim_1/behav/xsim/inst_mem.mif'
INFO: [SIM-utils-43] Exported 'D:/Verilog/lab_5/lab_5.sim/sim_1/behav/xsim/mipstest.coe'
INFO: [USF-XSim-97] Finding global include files...
INFO: [USF-XSim-98] Fetching design files from 'sim_1'...
INFO: [USF-XSim-2] XSim::Compile design
INFO: [USF-XSim-61] Executing 'COMPILE and ANALYZE' step in 'D:/Verilog/lab_5/lab_5.sim/sim_1/behav/xsim'
"xvlog --incr --relax -prj top_sim_vlog.prj"
INFO: [USF-XSim-69] 'compile' step finished in '2' seconds
INFO: [Vivado 12-5698] Checking validity of IPs in the design for the 'XSim' simulator...
INFO: [Vivado 12-5682] Launching behavioral simulation in 'D:/Verilog/lab_5/lab_5.sim/sim_1/behav/xsim'
INFO: [Vivado 12-4795] Using compiled simulation libraries for IPs
INFO: [USF-XSim-3] XSim::Elaborate design
INFO: [USF-XSim-61] Executing 'ELABORATE' step in 'D:/Verilog/lab_5/lab_5.sim/sim_1/behav/xsim'
"xelab -wto 03be9a2fdf514b98a3615ab709206c61 --incr --debug typical --relax --mt 2 -L blk_mem_gen_v8_4_3 -L xil_defaultlib -L unisims_ver -L unimacro_ver -L secureip -L xpm --snapshot top_sim_behav xil_defaultlib.top_sim xil_defaultlib.glbl -log elaborate.log"
Vivado Simulator 2019.1
Copyright 1986-1999, 2001-2019 Xilinx, Inc. All Rights Reserved.
Running: D:/Vivado/Vivado/2019.1/bin/unwrapped/win64.o/xelab.exe -wto 03be9a2fdf514b98a3615ab709206c61 --incr --debug typical --relax --mt 2 -L blk_mem_gen_v8_4_3 -L xil_defaultlib -L unisims_ver -L unimacro_ver -L secureip -L xpm --snapshot top_sim_behav xil_defaultlib.top_sim xil_defaultlib.glbl -log elaborate.log 
Using 2 slave threads.
Starting static elaboration
WARNING: [VRFC 10-3091] actual bit length 32 differs from formal bit length 11 for port 'addra' [D:/Verilog/lab_5/lab_5.srcs/sources_1/new/top.v:24]
Completed static elaboration
INFO: [XSIM 43-4323] No Change in HDL. Linking previously generated obj files to create kernel
INFO: [USF-XSim-69] 'elaborate' step finished in '2' seconds
Vivado Simulator 2019.1
Time resolution is 1 ps
 Block Memory Generator module loading initial data...
 Block Memory Generator data initialization complete.
Block Memory Generator module top_sim.dut.inst_mem.inst.native_mem_mapped_module.blk_mem_gen_v8_4_3_inst is using a behavioral model for simulation which will not precisely model memory collision behavior.
Block Memory Generator module top_sim.dut.data_mem.inst.native_mem_module.blk_mem_gen_v8_4_3_inst is using a behavioral model for simulation which will not precisely model memory collision behavior.
---------------Simulation succeeded---------------
$stop called at time : 690 ns : File "D:/Verilog/lab_5/lab_5.srcs/sim_1/new/top_sim.v" Line 31
relaunch_sim: Time (s): cpu = 00:00:02 ; elapsed = 00:00:08 . Memory (MB): peak = 795.988 ; gain = 0.000
close_sim
INFO: [Simtcl 6-16] Simulation closed
exit
INFO: [Common 17-206] Exiting Vivado at Sun Nov 22 21:29:09 2020...
